{"/home/ubuntu/csr-aws-git/csr/CSR_Express/model/connection.js":{"path":"/home/ubuntu/csr-aws-git/csr/CSR_Express/model/connection.js","statementMap":{"0":{"start":{"line":1,"column":0},"end":{"line":1,"column":27}},"1":{"start":{"line":2,"column":44},"end":{"line":2,"column":63}},"2":{"start":{"line":4,"column":15},"end":{"line":4,"column":43}},"3":{"start":{"line":6,"column":15},"end":{"line":6,"column":49}},"4":{"start":{"line":7,"column":15},"end":{"line":7,"column":45}},"5":{"start":{"line":8,"column":15},"end":{"line":8,"column":43}},"6":{"start":{"line":10,"column":12},"end":{"line":10,"column":53}},"7":{"start":{"line":11,"column":24},"end":{"line":15,"column":1}},"8":{"start":{"line":17,"column":26},"end":{"line":28,"column":1}},"9":{"start":{"line":18,"column":4},"end":{"line":18,"column":44}},"10":{"start":{"line":19,"column":15},"end":{"line":19,"column":25}},"11":{"start":{"line":20,"column":4},"end":{"line":20,"column":69}},"12":{"start":{"line":21,"column":4},"end":{"line":27,"column":7}},"13":{"start":{"line":22,"column":8},"end":{"line":22,"column":53}},"14":{"start":{"line":23,"column":8},"end":{"line":26,"column":9}},"15":{"start":{"line":24,"column":12},"end":{"line":24,"column":41}},"16":{"start":{"line":25,"column":12},"end":{"line":25,"column":55}},"17":{"start":{"line":31,"column":4},"end":{"line":42,"column":6}},"18":{"start":{"line":32,"column":8},"end":{"line":41,"column":14}},"19":{"start":{"line":34,"column":16},"end":{"line":36,"column":17}},"20":{"start":{"line":35,"column":20},"end":{"line":35,"column":39}},"21":{"start":{"line":37,"column":16},"end":{"line":37,"column":74}},"22":{"start":{"line":38,"column":16},"end":{"line":38,"column":74}},"23":{"start":{"line":39,"column":16},"end":{"line":39,"column":45}},"24":{"start":{"line":40,"column":16},"end":{"line":40,"column":29}},"25":{"start":{"line":46,"column":4},"end":{"line":46,"column":24}},"26":{"start":{"line":49,"column":0},"end":{"line":49,"column":72}}},"fnMap":{"0":{"name":"(anonymous_0)","decl":{"start":{"line":17,"column":26},"end":{"line":17,"column":27}},"loc":{"start":{"line":17,"column":44},"end":{"line":28,"column":1}},"line":17},"1":{"name":"(anonymous_1)","decl":{"start":{"line":21,"column":20},"end":{"line":21,"column":21}},"loc":{"start":{"line":21,"column":38},"end":{"line":27,"column":5}},"line":21},"2":{"name":"connectToMongo","decl":{"start":{"line":30,"column":9},"end":{"line":30,"column":23}},"loc":{"start":{"line":30,"column":38},"end":{"line":43,"column":1}},"line":30},"3":{"name":"(anonymous_3)","decl":{"start":{"line":31,"column":23},"end":{"line":31,"column":24}},"loc":{"start":{"line":31,"column":44},"end":{"line":42,"column":5}},"line":31},"4":{"name":"(anonymous_4)","decl":{"start":{"line":33,"column":18},"end":{"line":33,"column":19}},"loc":{"start":{"line":33,"column":32},"end":{"line":41,"column":13}},"line":33},"5":{"name":"disconnectMongo","decl":{"start":{"line":45,"column":9},"end":{"line":45,"column":24}},"loc":{"start":{"line":45,"column":27},"end":{"line":47,"column":1}},"line":45}},"branchMap":{"0":{"loc":{"start":{"line":6,"column":15},"end":{"line":6,"column":49}},"type":"binary-expr","locations":[{"start":{"line":6,"column":15},"end":{"line":6,"column":34}},{"start":{"line":6,"column":38},"end":{"line":6,"column":49}}],"line":6},"1":{"loc":{"start":{"line":7,"column":15},"end":{"line":7,"column":45}},"type":"binary-expr","locations":[{"start":{"line":7,"column":15},"end":{"line":7,"column":34}},{"start":{"line":7,"column":38},"end":{"line":7,"column":45}}],"line":7},"2":{"loc":{"start":{"line":8,"column":15},"end":{"line":8,"column":43}},"type":"binary-expr","locations":[{"start":{"line":8,"column":15},"end":{"line":8,"column":34}},{"start":{"line":8,"column":38},"end":{"line":8,"column":43}}],"line":8},"3":{"loc":{"start":{"line":17,"column":27},"end":{"line":17,"column":39}},"type":"default-arg","locations":[{"start":{"line":17,"column":37},"end":{"line":17,"column":39}}],"line":17},"4":{"loc":{"start":{"line":23,"column":8},"end":{"line":26,"column":9}},"type":"if","locations":[{"start":{"line":23,"column":8},"end":{"line":26,"column":9}},{"start":{"line":23,"column":8},"end":{"line":26,"column":9}}],"line":23},"5":{"loc":{"start":{"line":30,"column":24},"end":{"line":30,"column":36}},"type":"default-arg","locations":[{"start":{"line":30,"column":34},"end":{"line":30,"column":36}}],"line":30},"6":{"loc":{"start":{"line":34,"column":16},"end":{"line":36,"column":17}},"type":"if","locations":[{"start":{"line":34,"column":16},"end":{"line":36,"column":17}},{"start":{"line":34,"column":16},"end":{"line":36,"column":17}}],"line":34}},"s":{"0":1,"1":1,"2":1,"3":1,"4":1,"5":1,"6":1,"7":1,"8":1,"9":6,"10":6,"11":6,"12":6,"13":0,"14":0,"15":0,"16":0,"17":0,"18":0,"19":0,"20":0,"21":0,"22":0,"23":0,"24":0,"25":5,"26":1},"f":{"0":6,"1":0,"2":0,"3":0,"4":0,"5":5},"b":{"0":[1,0],"1":[1,0],"2":[1,0],"3":[1],"4":[0,0],"5":[0],"6":[0,0]},"_coverageSchema":"1a1c01bbd47fc00a2c39e90264f33305004495a9","hash":"01c43622719bb7100fb71f1691429a0b9b3c8ac0","contentHash":"d1cd2e3c6e38e5dfa4a8a794bb749803588bbdb21396fadb5b080c048b57ef94"},"/home/ubuntu/csr-aws-git/csr/CSR_Express/loggers/logger.js":{"path":"/home/ubuntu/csr-aws-git/csr/CSR_Express/loggers/logger.js","statementMap":{"0":{"start":{"line":1,"column":45},"end":{"line":1,"column":63}},"1":{"start":{"line":2,"column":49},"end":{"line":2,"column":55}},"2":{"start":{"line":8,"column":17},"end":{"line":13,"column":1}},"3":{"start":{"line":11,"column":18},"end":{"line":11,"column":70}},"4":{"start":{"line":15,"column":16},"end":{"line":30,"column":1}},"5":{"start":{"line":32,"column":13},"end":{"line":39,"column":2}},"6":{"start":{"line":41,"column":0},"end":{"line":41,"column":24}}},"fnMap":{"0":{"name":"(anonymous_0)","decl":{"start":{"line":11,"column":8},"end":{"line":11,"column":9}},"loc":{"start":{"line":11,"column":18},"end":{"line":11,"column":70}},"line":11}},"branchMap":{},"s":{"0":1,"1":1,"2":1,"3":510,"4":1,"5":1,"6":1},"f":{"0":510},"b":{},"_coverageSchema":"1a1c01bbd47fc00a2c39e90264f33305004495a9","hash":"af282fd0cb25e5e6fab883f96fb057572556f52c","contentHash":"538eac95fa86186c7e5db02d204155a1448738c800837255a37a58d1f5c284cf"},"/home/ubuntu/csr-aws-git/csr/CSR_Express/model/commonModel.js":{"path":"/home/ubuntu/csr-aws-git/csr/CSR_Express/model/commonModel.js","statementMap":{"0":{"start":{"line":1,"column":15},"end":{"line":1,"column":43}},"1":{"start":{"line":2,"column":49},"end":{"line":2,"column":68}},"2":{"start":{"line":4,"column":20},"end":{"line":4,"column":22}},"3":{"start":{"line":6,"column":0},"end":{"line":6,"column":62}},"4":{"start":{"line":9,"column":0},"end":{"line":17,"column":1}},"5":{"start":{"line":10,"column":4},"end":{"line":16,"column":6}},"6":{"start":{"line":11,"column":8},"end":{"line":15,"column":9}},"7":{"start":{"line":12,"column":12},"end":{"line":12,"column":23}},"8":{"start":{"line":14,"column":12},"end":{"line":14,"column":23}},"9":{"start":{"line":19,"column":0},"end":{"line":36,"column":1}},"10":{"start":{"line":20,"column":20},"end":{"line":20,"column":22}},"11":{"start":{"line":21,"column":4},"end":{"line":27,"column":5}},"12":{"start":{"line":21,"column":17},"end":{"line":21,"column":18}},"13":{"start":{"line":22,"column":18},"end":{"line":22,"column":124}},"14":{"start":{"line":23,"column":8},"end":{"line":23,"column":43}},"15":{"start":{"line":24,"column":8},"end":{"line":26,"column":9}},"16":{"start":{"line":25,"column":12},"end":{"line":25,"column":44}},"17":{"start":{"line":28,"column":4},"end":{"line":28,"column":41}},"18":{"start":{"line":29,"column":4},"end":{"line":35,"column":6}},"19":{"start":{"line":30,"column":8},"end":{"line":34,"column":9}},"20":{"start":{"line":31,"column":12},"end":{"line":31,"column":23}},"21":{"start":{"line":33,"column":12},"end":{"line":33,"column":23}},"22":{"start":{"line":38,"column":0},"end":{"line":42,"column":1}},"23":{"start":{"line":39,"column":4},"end":{"line":41,"column":6}},"24":{"start":{"line":40,"column":8},"end":{"line":40,"column":33}},"25":{"start":{"line":44,"column":0},"end":{"line":54,"column":1}},"26":{"start":{"line":46,"column":4},"end":{"line":53,"column":10}},"27":{"start":{"line":48,"column":12},"end":{"line":48,"column":50}},"28":{"start":{"line":49,"column":12},"end":{"line":49,"column":24}},"29":{"start":{"line":52,"column":12},"end":{"line":52,"column":23}},"30":{"start":{"line":56,"column":0},"end":{"line":70,"column":1}},"31":{"start":{"line":57,"column":4},"end":{"line":69,"column":5}},"32":{"start":{"line":58,"column":28},"end":{"line":58,"column":76}},"33":{"start":{"line":59,"column":8},"end":{"line":61,"column":9}},"34":{"start":{"line":60,"column":12},"end":{"line":60,"column":42}},"35":{"start":{"line":62,"column":8},"end":{"line":64,"column":10}},"36":{"start":{"line":63,"column":12},"end":{"line":63,"column":37}},"37":{"start":{"line":67,"column":8},"end":{"line":67,"column":25}},"38":{"start":{"line":68,"column":8},"end":{"line":68,"column":18}},"39":{"start":{"line":72,"column":0},"end":{"line":76,"column":1}},"40":{"start":{"line":73,"column":4},"end":{"line":75,"column":6}},"41":{"start":{"line":74,"column":8},"end":{"line":74,"column":33}},"42":{"start":{"line":78,"column":0},"end":{"line":78,"column":29}}},"fnMap":{"0":{"name":"(anonymous_0)","decl":{"start":{"line":9,"column":33},"end":{"line":9,"column":34}},"loc":{"start":{"line":9,"column":53},"end":{"line":17,"column":1}},"line":9},"1":{"name":"(anonymous_1)","decl":{"start":{"line":10,"column":105},"end":{"line":10,"column":106}},"loc":{"start":{"line":10,"column":113},"end":{"line":16,"column":5}},"line":10},"2":{"name":"(anonymous_2)","decl":{"start":{"line":19,"column":30},"end":{"line":19,"column":31}},"loc":{"start":{"line":19,"column":54},"end":{"line":36,"column":1}},"line":19},"3":{"name":"(anonymous_3)","decl":{"start":{"line":29,"column":53},"end":{"line":29,"column":54}},"loc":{"start":{"line":29,"column":61},"end":{"line":35,"column":5}},"line":29},"4":{"name":"(anonymous_4)","decl":{"start":{"line":38,"column":29},"end":{"line":38,"column":30}},"loc":{"start":{"line":38,"column":35},"end":{"line":42,"column":1}},"line":38},"5":{"name":"(anonymous_5)","decl":{"start":{"line":39,"column":38},"end":{"line":39,"column":39}},"loc":{"start":{"line":39,"column":46},"end":{"line":41,"column":5}},"line":39},"6":{"name":"(anonymous_6)","decl":{"start":{"line":44,"column":32},"end":{"line":44,"column":33}},"loc":{"start":{"line":44,"column":56},"end":{"line":54,"column":1}},"line":44},"7":{"name":"(anonymous_7)","decl":{"start":{"line":47,"column":14},"end":{"line":47,"column":15}},"loc":{"start":{"line":47,"column":22},"end":{"line":50,"column":9}},"line":47},"8":{"name":"(anonymous_8)","decl":{"start":{"line":51,"column":15},"end":{"line":51,"column":16}},"loc":{"start":{"line":51,"column":22},"end":{"line":53,"column":9}},"line":51},"9":{"name":"(anonymous_9)","decl":{"start":{"line":56,"column":24},"end":{"line":56,"column":25}},"loc":{"start":{"line":56,"column":41},"end":{"line":70,"column":1}},"line":56},"10":{"name":"(anonymous_10)","decl":{"start":{"line":62,"column":45},"end":{"line":62,"column":46}},"loc":{"start":{"line":62,"column":53},"end":{"line":64,"column":9}},"line":62},"11":{"name":"(anonymous_11)","decl":{"start":{"line":72,"column":24},"end":{"line":72,"column":25}},"loc":{"start":{"line":72,"column":30},"end":{"line":76,"column":1}},"line":72},"12":{"name":"(anonymous_12)","decl":{"start":{"line":73,"column":34},"end":{"line":73,"column":35}},"loc":{"start":{"line":73,"column":42},"end":{"line":75,"column":5}},"line":73}},"branchMap":{"0":{"loc":{"start":{"line":11,"column":8},"end":{"line":15,"column":9}},"type":"if","locations":[{"start":{"line":11,"column":8},"end":{"line":15,"column":9}},{"start":{"line":11,"column":8},"end":{"line":15,"column":9}}],"line":11},"1":{"loc":{"start":{"line":24,"column":8},"end":{"line":26,"column":9}},"type":"if","locations":[{"start":{"line":24,"column":8},"end":{"line":26,"column":9}},{"start":{"line":24,"column":8},"end":{"line":26,"column":9}}],"line":24},"2":{"loc":{"start":{"line":30,"column":8},"end":{"line":34,"column":9}},"type":"if","locations":[{"start":{"line":30,"column":8},"end":{"line":34,"column":9}},{"start":{"line":30,"column":8},"end":{"line":34,"column":9}}],"line":30},"3":{"loc":{"start":{"line":40,"column":15},"end":{"line":40,"column":33}},"type":"cond-expr","locations":[{"start":{"line":40,"column":22},"end":{"line":40,"column":26}},{"start":{"line":40,"column":29},"end":{"line":40,"column":33}}],"line":40},"4":{"loc":{"start":{"line":59,"column":8},"end":{"line":61,"column":9}},"type":"if","locations":[{"start":{"line":59,"column":8},"end":{"line":61,"column":9}},{"start":{"line":59,"column":8},"end":{"line":61,"column":9}}],"line":59},"5":{"loc":{"start":{"line":63,"column":19},"end":{"line":63,"column":37}},"type":"cond-expr","locations":[{"start":{"line":63,"column":26},"end":{"line":63,"column":30}},{"start":{"line":63,"column":33},"end":{"line":63,"column":37}}],"line":63},"6":{"loc":{"start":{"line":74,"column":15},"end":{"line":74,"column":33}},"type":"cond-expr","locations":[{"start":{"line":74,"column":22},"end":{"line":74,"column":26}},{"start":{"line":74,"column":29},"end":{"line":74,"column":33}}],"line":74}},"s":{"0":1,"1":1,"2":1,"3":1,"4":1,"5":1,"6":1,"7":1,"8":0,"9":1,"10":1,"11":1,"12":1,"13":1,"14":0,"15":0,"16":0,"17":0,"18":0,"19":0,"20":0,"21":0,"22":1,"23":1,"24":0,"25":1,"26":0,"27":0,"28":0,"29":0,"30":1,"31":3,"32":3,"33":0,"34":0,"35":0,"36":0,"37":3,"38":3,"39":1,"40":1,"41":0,"42":1},"f":{"0":1,"1":1,"2":1,"3":0,"4":1,"5":0,"6":0,"7":0,"8":0,"9":3,"10":0,"11":1,"12":0},"b":{"0":[1,0],"1":[0,0],"2":[0,0],"3":[0,0],"4":[0,0],"5":[0,0],"6":[0,0]},"_coverageSchema":"1a1c01bbd47fc00a2c39e90264f33305004495a9","hash":"b36468b69ca931a9777c2b984d759614a0ad4f26","contentHash":"2a98aedc9f7ca6aabd03b803f6ead8fc5699653e597f4339d469a4297747d3e9"},"/home/ubuntu/csr-aws-git/csr/CSR_Express/model/models.js":{"path":"/home/ubuntu/csr-aws-git/csr/CSR_Express/model/models.js","statementMap":{"0":{"start":{"line":3,"column":34},"end":{"line":3,"column":53}},"1":{"start":{"line":5,"column":20},"end":{"line":8,"column":2}},"2":{"start":{"line":11,"column":24},"end":{"line":14,"column":2}},"3":{"start":{"line":16,"column":22},"end":{"line":28,"column":29}},"4":{"start":{"line":31,"column":4},"end":{"line":31,"column":27}},"5":{"start":{"line":35,"column":4},"end":{"line":35,"column":27}},"6":{"start":{"line":38,"column":22},"end":{"line":45,"column":2}},"7":{"start":{"line":47,"column":19},"end":{"line":53,"column":2}},"8":{"start":{"line":55,"column":20},"end":{"line":58,"column":2}},"9":{"start":{"line":61,"column":26},"end":{"line":74,"column":2}},"10":{"start":{"line":77,"column":22},"end":{"line":82,"column":2}},"11":{"start":{"line":85,"column":18},"end":{"line":99,"column":41}},"12":{"start":{"line":123,"column":27},"end":{"line":128,"column":52}},"13":{"start":{"line":130,"column":0},"end":{"line":130,"column":68}},"14":{"start":{"line":132,"column":28},"end":{"line":135,"column":53}},"15":{"start":{"line":137,"column":23},"end":{"line":142,"column":44}},"16":{"start":{"line":144,"column":20},"end":{"line":147,"column":45}},"17":{"start":{"line":149,"column":19},"end":{"line":151,"column":2}},"18":{"start":{"line":153,"column":20},"end":{"line":156,"column":2}},"19":{"start":{"line":158,"column":22},"end":{"line":162,"column":29}},"20":{"start":{"line":164,"column":0},"end":{"line":173,"column":2}}},"fnMap":{"0":{"name":"imageLimit","decl":{"start":{"line":30,"column":9},"end":{"line":30,"column":19}},"loc":{"start":{"line":30,"column":25},"end":{"line":32,"column":1}},"line":30},"1":{"name":"phaseLimit","decl":{"start":{"line":34,"column":9},"end":{"line":34,"column":19}},"loc":{"start":{"line":34,"column":25},"end":{"line":36,"column":1}},"line":34}},"branchMap":{"0":{"loc":{"start":{"line":165,"column":25},"end":{"line":165,"column":92}},"type":"binary-expr","locations":[{"start":{"line":165,"column":25},"end":{"line":165,"column":47}},{"start":{"line":165,"column":51},"end":{"line":165,"column":92}}],"line":165},"1":{"loc":{"start":{"line":166,"column":16},"end":{"line":166,"column":88}},"type":"binary-expr","locations":[{"start":{"line":166,"column":16},"end":{"line":166,"column":45}},{"start":{"line":166,"column":49},"end":{"line":166,"column":88}}],"line":166},"2":{"loc":{"start":{"line":167,"column":20},"end":{"line":167,"column":72}},"type":"binary-expr","locations":[{"start":{"line":167,"column":20},"end":{"line":167,"column":37}},{"start":{"line":167,"column":41},"end":{"line":167,"column":72}}],"line":167},"3":{"loc":{"start":{"line":168,"column":26},"end":{"line":168,"column":96}},"type":"binary-expr","locations":[{"start":{"line":168,"column":26},"end":{"line":168,"column":49}},{"start":{"line":168,"column":53},"end":{"line":168,"column":96}}],"line":168},"4":{"loc":{"start":{"line":169,"column":17},"end":{"line":169,"column":64}},"type":"binary-expr","locations":[{"start":{"line":169,"column":17},"end":{"line":169,"column":31}},{"start":{"line":169,"column":35},"end":{"line":169,"column":64}}],"line":169},"5":{"loc":{"start":{"line":170,"column":22},"end":{"line":170,"column":80}},"type":"binary-expr","locations":[{"start":{"line":170,"column":22},"end":{"line":170,"column":41}},{"start":{"line":170,"column":45},"end":{"line":170,"column":80}}],"line":170},"6":{"loc":{"start":{"line":171,"column":18},"end":{"line":171,"column":64}},"type":"binary-expr","locations":[{"start":{"line":171,"column":18},"end":{"line":171,"column":33}},{"start":{"line":171,"column":37},"end":{"line":171,"column":64}}],"line":171},"7":{"loc":{"start":{"line":172,"column":20},"end":{"line":172,"column":72}},"type":"binary-expr","locations":[{"start":{"line":172,"column":20},"end":{"line":172,"column":37}},{"start":{"line":172,"column":41},"end":{"line":172,"column":72}}],"line":172}},"s":{"0":1,"1":1,"2":1,"3":1,"4":0,"5":0,"6":1,"7":1,"8":1,"9":1,"10":1,"11":1,"12":1,"13":1,"14":1,"15":1,"16":1,"17":1,"18":1,"19":1,"20":1},"f":{"0":0,"1":0},"b":{"0":[1,1],"1":[1,1],"2":[1,1],"3":[1,1],"4":[1,1],"5":[1,1],"6":[1,1],"7":[1,1]},"_coverageSchema":"1a1c01bbd47fc00a2c39e90264f33305004495a9","hash":"c5c61cba26bc4d4898b2bd0b6a1a0f5984bf2d1a","contentHash":"33fe112fce923f392ba0ccc283a8069b70ba8e1c2d30633af83dbd8ad798d3f4"},"/home/ubuntu/csr-aws-git/csr/CSR_Express/model/projectModel.js":{"path":"/home/ubuntu/csr-aws-git/csr/CSR_Express/model/projectModel.js","statementMap":{"0":{"start":{"line":1,"column":15},"end":{"line":1,"column":43}},"1":{"start":{"line":3,"column":25},"end":{"line":3,"column":44}},"2":{"start":{"line":5,"column":24},"end":{"line":5,"column":26}},"3":{"start":{"line":7,"column":0},"end":{"line":7,"column":62}},"4":{"start":{"line":10,"column":0},"end":{"line":26,"column":1}},"5":{"start":{"line":11,"column":4},"end":{"line":24,"column":6}},"6":{"start":{"line":13,"column":8},"end":{"line":23,"column":9}},"7":{"start":{"line":14,"column":12},"end":{"line":14,"column":74}},"8":{"start":{"line":16,"column":12},"end":{"line":22,"column":14}},"9":{"start":{"line":17,"column":16},"end":{"line":21,"column":17}},"10":{"start":{"line":18,"column":20},"end":{"line":18,"column":31}},"11":{"start":{"line":20,"column":20},"end":{"line":20,"column":31}},"12":{"start":{"line":29,"column":0},"end":{"line":33,"column":1}},"13":{"start":{"line":30,"column":4},"end":{"line":32,"column":6}},"14":{"start":{"line":31,"column":8},"end":{"line":31,"column":19}},"15":{"start":{"line":36,"column":0},"end":{"line":40,"column":1}},"16":{"start":{"line":37,"column":4},"end":{"line":39,"column":6}},"17":{"start":{"line":38,"column":8},"end":{"line":38,"column":19}},"18":{"start":{"line":43,"column":0},"end":{"line":47,"column":1}},"19":{"start":{"line":44,"column":4},"end":{"line":46,"column":6}},"20":{"start":{"line":45,"column":8},"end":{"line":45,"column":19}},"21":{"start":{"line":50,"column":0},"end":{"line":54,"column":1}},"22":{"start":{"line":51,"column":4},"end":{"line":53,"column":6}},"23":{"start":{"line":52,"column":8},"end":{"line":52,"column":19}},"24":{"start":{"line":57,"column":0},"end":{"line":61,"column":1}},"25":{"start":{"line":58,"column":4},"end":{"line":60,"column":6}},"26":{"start":{"line":59,"column":8},"end":{"line":59,"column":19}},"27":{"start":{"line":64,"column":0},"end":{"line":69,"column":1}},"28":{"start":{"line":65,"column":4},"end":{"line":68,"column":6}},"29":{"start":{"line":66,"column":8},"end":{"line":67,"column":61}},"30":{"start":{"line":66,"column":32},"end":{"line":66,"column":84}},"31":{"start":{"line":67,"column":13},"end":{"line":67,"column":61}},"32":{"start":{"line":71,"column":0},"end":{"line":71,"column":33}}},"fnMap":{"0":{"name":"(anonymous_0)","decl":{"start":{"line":10,"column":32},"end":{"line":10,"column":33}},"loc":{"start":{"line":10,"column":49},"end":{"line":26,"column":1}},"line":10},"1":{"name":"(anonymous_1)","decl":{"start":{"line":11,"column":72},"end":{"line":11,"column":73}},"loc":{"start":{"line":11,"column":77},"end":{"line":24,"column":5}},"line":11},"2":{"name":"(anonymous_2)","decl":{"start":{"line":16,"column":57},"end":{"line":16,"column":58}},"loc":{"start":{"line":16,"column":65},"end":{"line":22,"column":13}},"line":16},"3":{"name":"(anonymous_3)","decl":{"start":{"line":29,"column":36},"end":{"line":29,"column":37}},"loc":{"start":{"line":29,"column":49},"end":{"line":33,"column":1}},"line":29},"4":{"name":"(anonymous_4)","decl":{"start":{"line":30,"column":99},"end":{"line":30,"column":100}},"loc":{"start":{"line":30,"column":107},"end":{"line":32,"column":5}},"line":30},"5":{"name":"(anonymous_5)","decl":{"start":{"line":36,"column":39},"end":{"line":36,"column":40}},"loc":{"start":{"line":36,"column":58},"end":{"line":40,"column":1}},"line":36},"6":{"name":"(anonymous_6)","decl":{"start":{"line":37,"column":130},"end":{"line":37,"column":131}},"loc":{"start":{"line":37,"column":138},"end":{"line":39,"column":5}},"line":37},"7":{"name":"(anonymous_7)","decl":{"start":{"line":43,"column":33},"end":{"line":43,"column":34}},"loc":{"start":{"line":43,"column":39},"end":{"line":47,"column":1}},"line":43},"8":{"name":"(anonymous_8)","decl":{"start":{"line":44,"column":97},"end":{"line":44,"column":98}},"loc":{"start":{"line":44,"column":105},"end":{"line":46,"column":5}},"line":44},"9":{"name":"(anonymous_9)","decl":{"start":{"line":50,"column":33},"end":{"line":50,"column":34}},"loc":{"start":{"line":50,"column":48},"end":{"line":54,"column":1}},"line":50},"10":{"name":"(anonymous_10)","decl":{"start":{"line":51,"column":75},"end":{"line":51,"column":76}},"loc":{"start":{"line":51,"column":83},"end":{"line":53,"column":5}},"line":51},"11":{"name":"(anonymous_11)","decl":{"start":{"line":57,"column":36},"end":{"line":57,"column":37}},"loc":{"start":{"line":57,"column":49},"end":{"line":61,"column":1}},"line":57},"12":{"name":"(anonymous_12)","decl":{"start":{"line":58,"column":92},"end":{"line":58,"column":93}},"loc":{"start":{"line":58,"column":100},"end":{"line":60,"column":5}},"line":58},"13":{"name":"(anonymous_13)","decl":{"start":{"line":64,"column":33},"end":{"line":64,"column":34}},"loc":{"start":{"line":64,"column":61},"end":{"line":69,"column":1}},"line":64},"14":{"name":"(anonymous_14)","decl":{"start":{"line":65,"column":115},"end":{"line":65,"column":116}},"loc":{"start":{"line":65,"column":123},"end":{"line":68,"column":5}},"line":65}},"branchMap":{"0":{"loc":{"start":{"line":13,"column":8},"end":{"line":23,"column":9}},"type":"if","locations":[{"start":{"line":13,"column":8},"end":{"line":23,"column":9}},{"start":{"line":13,"column":8},"end":{"line":23,"column":9}}],"line":13},"1":{"loc":{"start":{"line":17,"column":16},"end":{"line":21,"column":17}},"type":"if","locations":[{"start":{"line":17,"column":16},"end":{"line":21,"column":17}},{"start":{"line":17,"column":16},"end":{"line":21,"column":17}}],"line":17},"2":{"loc":{"start":{"line":66,"column":8},"end":{"line":67,"column":61}},"type":"if","locations":[{"start":{"line":66,"column":8},"end":{"line":67,"column":61}},{"start":{"line":66,"column":8},"end":{"line":67,"column":61}}],"line":66}},"s":{"0":1,"1":1,"2":1,"3":1,"4":1,"5":2,"6":0,"7":0,"8":0,"9":0,"10":0,"11":0,"12":1,"13":1,"14":0,"15":1,"16":1,"17":0,"18":1,"19":1,"20":0,"21":1,"22":1,"23":0,"24":1,"25":0,"26":0,"27":1,"28":1,"29":0,"30":0,"31":0,"32":1},"f":{"0":2,"1":0,"2":0,"3":1,"4":0,"5":1,"6":0,"7":1,"8":0,"9":1,"10":0,"11":0,"12":0,"13":1,"14":0},"b":{"0":[0,0],"1":[0,0],"2":[0,0]},"_coverageSchema":"1a1c01bbd47fc00a2c39e90264f33305004495a9","hash":"e5fce2c037a7286787d25710fb8ef4005f0a75a2","contentHash":"4b55efd09727440c21f8f31fa71787384b481fbacbd885147d67891e46dea4f6"},"/home/ubuntu/csr-aws-git/csr/CSR_Express/model/userModel.js":{"path":"/home/ubuntu/csr-aws-git/csr/CSR_Express/model/userModel.js","statementMap":{"0":{"start":{"line":2,"column":17},"end":{"line":2,"column":37}},"1":{"start":{"line":4,"column":19},"end":{"line":4,"column":42}},"2":{"start":{"line":5,"column":15},"end":{"line":5,"column":43}},"3":{"start":{"line":7,"column":60},"end":{"line":7,"column":79}},"4":{"start":{"line":9,"column":18},"end":{"line":9,"column":20}},"5":{"start":{"line":11,"column":0},"end":{"line":11,"column":59}},"6":{"start":{"line":14,"column":0},"end":{"line":21,"column":1}},"7":{"start":{"line":15,"column":4},"end":{"line":20,"column":5}},"8":{"start":{"line":16,"column":8},"end":{"line":16,"column":41}},"9":{"start":{"line":19,"column":8},"end":{"line":19,"column":15}},"10":{"start":{"line":24,"column":0},"end":{"line":31,"column":1}},"11":{"start":{"line":25,"column":4},"end":{"line":30,"column":5}},"12":{"start":{"line":26,"column":8},"end":{"line":26,"column":54}},"13":{"start":{"line":29,"column":8},"end":{"line":29,"column":15}},"14":{"start":{"line":34,"column":0},"end":{"line":41,"column":1}},"15":{"start":{"line":35,"column":4},"end":{"line":40,"column":5}},"16":{"start":{"line":36,"column":8},"end":{"line":36,"column":57}},"17":{"start":{"line":39,"column":8},"end":{"line":39,"column":15}},"18":{"start":{"line":44,"column":0},"end":{"line":51,"column":1}},"19":{"start":{"line":45,"column":4},"end":{"line":50,"column":5}},"20":{"start":{"line":46,"column":8},"end":{"line":46,"column":52}},"21":{"start":{"line":49,"column":8},"end":{"line":49,"column":15}},"22":{"start":{"line":54,"column":0},"end":{"line":61,"column":1}},"23":{"start":{"line":55,"column":4},"end":{"line":60,"column":5}},"24":{"start":{"line":56,"column":8},"end":{"line":56,"column":47}},"25":{"start":{"line":59,"column":8},"end":{"line":59,"column":15}},"26":{"start":{"line":65,"column":0},"end":{"line":106,"column":1}},"27":{"start":{"line":66,"column":19},"end":{"line":66,"column":69}},"28":{"start":{"line":70,"column":4},"end":{"line":105,"column":5}},"29":{"start":{"line":71,"column":19},"end":{"line":71,"column":57}},"30":{"start":{"line":72,"column":8},"end":{"line":102,"column":9}},"31":{"start":{"line":73,"column":26},"end":{"line":73,"column":47}},"32":{"start":{"line":74,"column":12},"end":{"line":76,"column":13}},"33":{"start":{"line":75,"column":16},"end":{"line":75,"column":37}},"34":{"start":{"line":77,"column":12},"end":{"line":79,"column":13}},"35":{"start":{"line":78,"column":16},"end":{"line":78,"column":40}},"36":{"start":{"line":83,"column":12},"end":{"line":83,"column":43}},"37":{"start":{"line":84,"column":12},"end":{"line":84,"column":47}},"38":{"start":{"line":89,"column":12},"end":{"line":101,"column":13}},"39":{"start":{"line":90,"column":16},"end":{"line":90,"column":41}},"40":{"start":{"line":91,"column":29},"end":{"line":91,"column":55}},"41":{"start":{"line":92,"column":16},"end":{"line":96,"column":17}},"42":{"start":{"line":93,"column":20},"end":{"line":93,"column":89}},"43":{"start":{"line":95,"column":20},"end":{"line":95,"column":31}},"44":{"start":{"line":100,"column":16},"end":{"line":100,"column":46}},"45":{"start":{"line":104,"column":8},"end":{"line":104,"column":36}},"46":{"start":{"line":110,"column":0},"end":{"line":120,"column":1}},"47":{"start":{"line":111,"column":19},"end":{"line":111,"column":21}},"48":{"start":{"line":112,"column":4},"end":{"line":112,"column":27}},"49":{"start":{"line":113,"column":4},"end":{"line":119,"column":6}},"50":{"start":{"line":114,"column":8},"end":{"line":118,"column":9}},"51":{"start":{"line":115,"column":12},"end":{"line":115,"column":23}},"52":{"start":{"line":117,"column":12},"end":{"line":117,"column":23}},"53":{"start":{"line":123,"column":0},"end":{"line":134,"column":1}},"54":{"start":{"line":124,"column":4},"end":{"line":133,"column":6}},"55":{"start":{"line":125,"column":8},"end":{"line":132,"column":9}},"56":{"start":{"line":129,"column":12},"end":{"line":129,"column":23}},"57":{"start":{"line":131,"column":12},"end":{"line":131,"column":23}},"58":{"start":{"line":137,"column":0},"end":{"line":145,"column":1}},"59":{"start":{"line":138,"column":4},"end":{"line":144,"column":6}},"60":{"start":{"line":139,"column":8},"end":{"line":143,"column":9}},"61":{"start":{"line":140,"column":12},"end":{"line":140,"column":23}},"62":{"start":{"line":142,"column":12},"end":{"line":142,"column":23}},"63":{"start":{"line":148,"column":0},"end":{"line":163,"column":1}},"64":{"start":{"line":149,"column":4},"end":{"line":162,"column":10}},"65":{"start":{"line":151,"column":12},"end":{"line":155,"column":13}},"66":{"start":{"line":152,"column":16},"end":{"line":152,"column":28}},"67":{"start":{"line":154,"column":16},"end":{"line":154,"column":28}},"68":{"start":{"line":158,"column":12},"end":{"line":158,"column":30}},"69":{"start":{"line":159,"column":12},"end":{"line":159,"column":48}},"70":{"start":{"line":160,"column":12},"end":{"line":160,"column":28}},"71":{"start":{"line":161,"column":12},"end":{"line":161,"column":22}},"72":{"start":{"line":166,"column":0},"end":{"line":174,"column":1}},"73":{"start":{"line":167,"column":4},"end":{"line":173,"column":6}},"74":{"start":{"line":168,"column":8},"end":{"line":172,"column":9}},"75":{"start":{"line":169,"column":12},"end":{"line":169,"column":23}},"76":{"start":{"line":171,"column":12},"end":{"line":171,"column":23}},"77":{"start":{"line":177,"column":0},"end":{"line":185,"column":1}},"78":{"start":{"line":178,"column":4},"end":{"line":184,"column":6}},"79":{"start":{"line":179,"column":8},"end":{"line":183,"column":9}},"80":{"start":{"line":180,"column":12},"end":{"line":180,"column":23}},"81":{"start":{"line":182,"column":12},"end":{"line":182,"column":23}},"82":{"start":{"line":188,"column":0},"end":{"line":196,"column":1}},"83":{"start":{"line":189,"column":4},"end":{"line":195,"column":6}},"84":{"start":{"line":190,"column":8},"end":{"line":194,"column":9}},"85":{"start":{"line":191,"column":12},"end":{"line":191,"column":23}},"86":{"start":{"line":193,"column":12},"end":{"line":193,"column":23}},"87":{"start":{"line":199,"column":0},"end":{"line":207,"column":1}},"88":{"start":{"line":200,"column":4},"end":{"line":206,"column":6}},"89":{"start":{"line":201,"column":8},"end":{"line":205,"column":9}},"90":{"start":{"line":202,"column":12},"end":{"line":202,"column":23}},"91":{"start":{"line":204,"column":12},"end":{"line":204,"column":23}},"92":{"start":{"line":210,"column":0},"end":{"line":220,"column":1}},"93":{"start":{"line":211,"column":4},"end":{"line":219,"column":10}},"94":{"start":{"line":214,"column":12},"end":{"line":218,"column":13}},"95":{"start":{"line":215,"column":16},"end":{"line":215,"column":27}},"96":{"start":{"line":217,"column":16},"end":{"line":217,"column":27}},"97":{"start":{"line":223,"column":0},"end":{"line":233,"column":1}},"98":{"start":{"line":224,"column":4},"end":{"line":232,"column":10}},"99":{"start":{"line":227,"column":12},"end":{"line":231,"column":13}},"100":{"start":{"line":228,"column":16},"end":{"line":228,"column":27}},"101":{"start":{"line":230,"column":16},"end":{"line":230,"column":27}},"102":{"start":{"line":236,"column":0},"end":{"line":244,"column":1}},"103":{"start":{"line":237,"column":4},"end":{"line":243,"column":6}},"104":{"start":{"line":238,"column":8},"end":{"line":242,"column":9}},"105":{"start":{"line":239,"column":12},"end":{"line":239,"column":23}},"106":{"start":{"line":241,"column":12},"end":{"line":241,"column":23}},"107":{"start":{"line":246,"column":0},"end":{"line":258,"column":1}},"108":{"start":{"line":249,"column":4},"end":{"line":249,"column":39}},"109":{"start":{"line":250,"column":4},"end":{"line":257,"column":6}},"110":{"start":{"line":251,"column":8},"end":{"line":251,"column":38}},"111":{"start":{"line":252,"column":8},"end":{"line":256,"column":9}},"112":{"start":{"line":253,"column":12},"end":{"line":253,"column":31}},"113":{"start":{"line":255,"column":12},"end":{"line":255,"column":25}},"114":{"start":{"line":261,"column":0},"end":{"line":261,"column":27}}},"fnMap":{"0":{"name":"(anonymous_0)","decl":{"start":{"line":14,"column":19},"end":{"line":14,"column":20}},"loc":{"start":{"line":14,"column":34},"end":{"line":21,"column":1}},"line":14},"1":{"name":"(anonymous_1)","decl":{"start":{"line":24,"column":17},"end":{"line":24,"column":18}},"loc":{"start":{"line":24,"column":52},"end":{"line":31,"column":1}},"line":24},"2":{"name":"(anonymous_2)","decl":{"start":{"line":34,"column":20},"end":{"line":34,"column":21}},"loc":{"start":{"line":34,"column":55},"end":{"line":41,"column":1}},"line":34},"3":{"name":"(anonymous_3)","decl":{"start":{"line":44,"column":22},"end":{"line":44,"column":23}},"loc":{"start":{"line":44,"column":45},"end":{"line":51,"column":1}},"line":44},"4":{"name":"(anonymous_4)","decl":{"start":{"line":54,"column":22},"end":{"line":54,"column":23}},"loc":{"start":{"line":54,"column":40},"end":{"line":61,"column":1}},"line":54},"5":{"name":"(anonymous_5)","decl":{"start":{"line":65,"column":25},"end":{"line":65,"column":26}},"loc":{"start":{"line":65,"column":40},"end":{"line":106,"column":1}},"line":65},"6":{"name":"(anonymous_6)","decl":{"start":{"line":110,"column":27},"end":{"line":110,"column":28}},"loc":{"start":{"line":110,"column":54},"end":{"line":120,"column":1}},"line":110},"7":{"name":"(anonymous_7)","decl":{"start":{"line":113,"column":64},"end":{"line":113,"column":65}},"loc":{"start":{"line":113,"column":72},"end":{"line":119,"column":5}},"line":113},"8":{"name":"(anonymous_8)","decl":{"start":{"line":123,"column":37},"end":{"line":123,"column":38}},"loc":{"start":{"line":123,"column":43},"end":{"line":134,"column":1}},"line":123},"9":{"name":"(anonymous_9)","decl":{"start":{"line":124,"column":65},"end":{"line":124,"column":66}},"loc":{"start":{"line":124,"column":73},"end":{"line":133,"column":5}},"line":124},"10":{"name":"(anonymous_10)","decl":{"start":{"line":137,"column":24},"end":{"line":137,"column":25}},"loc":{"start":{"line":137,"column":38},"end":{"line":145,"column":1}},"line":137},"11":{"name":"(anonymous_11)","decl":{"start":{"line":138,"column":95},"end":{"line":138,"column":96}},"loc":{"start":{"line":138,"column":103},"end":{"line":144,"column":5}},"line":138},"12":{"name":"(anonymous_12)","decl":{"start":{"line":148,"column":28},"end":{"line":148,"column":29}},"loc":{"start":{"line":148,"column":42},"end":{"line":163,"column":1}},"line":148},"13":{"name":"(anonymous_13)","decl":{"start":{"line":150,"column":14},"end":{"line":150,"column":15}},"loc":{"start":{"line":150,"column":22},"end":{"line":156,"column":9}},"line":150},"14":{"name":"(anonymous_14)","decl":{"start":{"line":157,"column":15},"end":{"line":157,"column":16}},"loc":{"start":{"line":157,"column":22},"end":{"line":162,"column":9}},"line":157},"15":{"name":"(anonymous_15)","decl":{"start":{"line":166,"column":23},"end":{"line":166,"column":24}},"loc":{"start":{"line":166,"column":37},"end":{"line":174,"column":1}},"line":166},"16":{"name":"(anonymous_16)","decl":{"start":{"line":167,"column":59},"end":{"line":167,"column":60}},"loc":{"start":{"line":167,"column":67},"end":{"line":173,"column":5}},"line":167},"17":{"name":"(anonymous_17)","decl":{"start":{"line":177,"column":38},"end":{"line":177,"column":39}},"loc":{"start":{"line":177,"column":52},"end":{"line":185,"column":1}},"line":177},"18":{"name":"(anonymous_18)","decl":{"start":{"line":178,"column":97},"end":{"line":178,"column":98}},"loc":{"start":{"line":178,"column":105},"end":{"line":184,"column":5}},"line":178},"19":{"name":"(anonymous_19)","decl":{"start":{"line":188,"column":31},"end":{"line":188,"column":32}},"loc":{"start":{"line":188,"column":53},"end":{"line":196,"column":1}},"line":188},"20":{"name":"(anonymous_20)","decl":{"start":{"line":189,"column":59},"end":{"line":189,"column":60}},"loc":{"start":{"line":189,"column":67},"end":{"line":195,"column":5}},"line":189},"21":{"name":"(anonymous_21)","decl":{"start":{"line":199,"column":32},"end":{"line":199,"column":33}},"loc":{"start":{"line":199,"column":55},"end":{"line":207,"column":1}},"line":199},"22":{"name":"(anonymous_22)","decl":{"start":{"line":200,"column":61},"end":{"line":200,"column":62}},"loc":{"start":{"line":200,"column":69},"end":{"line":206,"column":5}},"line":200},"23":{"name":"(anonymous_23)","decl":{"start":{"line":210,"column":29},"end":{"line":210,"column":30}},"loc":{"start":{"line":210,"column":49},"end":{"line":220,"column":1}},"line":210},"24":{"name":"(anonymous_24)","decl":{"start":{"line":213,"column":14},"end":{"line":213,"column":15}},"loc":{"start":{"line":213,"column":22},"end":{"line":219,"column":9}},"line":213},"25":{"name":"(anonymous_25)","decl":{"start":{"line":223,"column":39},"end":{"line":223,"column":40}},"loc":{"start":{"line":223,"column":49},"end":{"line":233,"column":1}},"line":223},"26":{"name":"(anonymous_26)","decl":{"start":{"line":226,"column":14},"end":{"line":226,"column":15}},"loc":{"start":{"line":226,"column":22},"end":{"line":232,"column":9}},"line":226},"27":{"name":"(anonymous_27)","decl":{"start":{"line":236,"column":31},"end":{"line":236,"column":32}},"loc":{"start":{"line":236,"column":51},"end":{"line":244,"column":1}},"line":236},"28":{"name":"(anonymous_28)","decl":{"start":{"line":237,"column":80},"end":{"line":237,"column":81}},"loc":{"start":{"line":237,"column":88},"end":{"line":243,"column":5}},"line":237},"29":{"name":"(anonymous_29)","decl":{"start":{"line":246,"column":26},"end":{"line":246,"column":27}},"loc":{"start":{"line":246,"column":40},"end":{"line":258,"column":1}},"line":246},"30":{"name":"(anonymous_30)","decl":{"start":{"line":250,"column":81},"end":{"line":250,"column":82}},"loc":{"start":{"line":250,"column":89},"end":{"line":257,"column":5}},"line":250}},"branchMap":{"0":{"loc":{"start":{"line":24,"column":32},"end":{"line":24,"column":47}},"type":"default-arg","locations":[{"start":{"line":24,"column":45},"end":{"line":24,"column":47}}],"line":24},"1":{"loc":{"start":{"line":34,"column":35},"end":{"line":34,"column":50}},"type":"default-arg","locations":[{"start":{"line":34,"column":48},"end":{"line":34,"column":50}}],"line":34},"2":{"loc":{"start":{"line":72,"column":8},"end":{"line":102,"column":9}},"type":"if","locations":[{"start":{"line":72,"column":8},"end":{"line":102,"column":9}},{"start":{"line":72,"column":8},"end":{"line":102,"column":9}}],"line":72},"3":{"loc":{"start":{"line":74,"column":12},"end":{"line":76,"column":13}},"type":"if","locations":[{"start":{"line":74,"column":12},"end":{"line":76,"column":13}},{"start":{"line":74,"column":12},"end":{"line":76,"column":13}}],"line":74},"4":{"loc":{"start":{"line":77,"column":12},"end":{"line":79,"column":13}},"type":"if","locations":[{"start":{"line":77,"column":12},"end":{"line":79,"column":13}},{"start":{"line":77,"column":12},"end":{"line":79,"column":13}}],"line":77},"5":{"loc":{"start":{"line":92,"column":16},"end":{"line":96,"column":17}},"type":"if","locations":[{"start":{"line":92,"column":16},"end":{"line":96,"column":17}},{"start":{"line":92,"column":16},"end":{"line":96,"column":17}}],"line":92},"6":{"loc":{"start":{"line":110,"column":35},"end":{"line":110,"column":49}},"type":"default-arg","locations":[{"start":{"line":110,"column":42},"end":{"line":110,"column":49}}],"line":110},"7":{"loc":{"start":{"line":114,"column":8},"end":{"line":118,"column":9}},"type":"if","locations":[{"start":{"line":114,"column":8},"end":{"line":118,"column":9}},{"start":{"line":114,"column":8},"end":{"line":118,"column":9}}],"line":114},"8":{"loc":{"start":{"line":125,"column":8},"end":{"line":132,"column":9}},"type":"if","locations":[{"start":{"line":125,"column":8},"end":{"line":132,"column":9}},{"start":{"line":125,"column":8},"end":{"line":132,"column":9}}],"line":125},"9":{"loc":{"start":{"line":139,"column":8},"end":{"line":143,"column":9}},"type":"if","locations":[{"start":{"line":139,"column":8},"end":{"line":143,"column":9}},{"start":{"line":139,"column":8},"end":{"line":143,"column":9}}],"line":139},"10":{"loc":{"start":{"line":151,"column":12},"end":{"line":155,"column":13}},"type":"if","locations":[{"start":{"line":151,"column":12},"end":{"line":155,"column":13}},{"start":{"line":151,"column":12},"end":{"line":155,"column":13}}],"line":151},"11":{"loc":{"start":{"line":168,"column":8},"end":{"line":172,"column":9}},"type":"if","locations":[{"start":{"line":168,"column":8},"end":{"line":172,"column":9}},{"start":{"line":168,"column":8},"end":{"line":172,"column":9}}],"line":168},"12":{"loc":{"start":{"line":179,"column":8},"end":{"line":183,"column":9}},"type":"if","locations":[{"start":{"line":179,"column":8},"end":{"line":183,"column":9}},{"start":{"line":179,"column":8},"end":{"line":183,"column":9}}],"line":179},"13":{"loc":{"start":{"line":190,"column":8},"end":{"line":194,"column":9}},"type":"if","locations":[{"start":{"line":190,"column":8},"end":{"line":194,"column":9}},{"start":{"line":190,"column":8},"end":{"line":194,"column":9}}],"line":190},"14":{"loc":{"start":{"line":201,"column":8},"end":{"line":205,"column":9}},"type":"if","locations":[{"start":{"line":201,"column":8},"end":{"line":205,"column":9}},{"start":{"line":201,"column":8},"end":{"line":205,"column":9}}],"line":201},"15":{"loc":{"start":{"line":214,"column":12},"end":{"line":218,"column":13}},"type":"if","locations":[{"start":{"line":214,"column":12},"end":{"line":218,"column":13}},{"start":{"line":214,"column":12},"end":{"line":218,"column":13}}],"line":214},"16":{"loc":{"start":{"line":227,"column":12},"end":{"line":231,"column":13}},"type":"if","locations":[{"start":{"line":227,"column":12},"end":{"line":231,"column":13}},{"start":{"line":227,"column":12},"end":{"line":231,"column":13}}],"line":227},"17":{"loc":{"start":{"line":238,"column":8},"end":{"line":242,"column":9}},"type":"if","locations":[{"start":{"line":238,"column":8},"end":{"line":242,"column":9}},{"start":{"line":238,"column":8},"end":{"line":242,"column":9}}],"line":238},"18":{"loc":{"start":{"line":252,"column":8},"end":{"line":256,"column":9}},"type":"if","locations":[{"start":{"line":252,"column":8},"end":{"line":256,"column":9}},{"start":{"line":252,"column":8},"end":{"line":256,"column":9}}],"line":252}},"s":{"0":1,"1":1,"2":1,"3":1,"4":1,"5":1,"6":1,"7":0,"8":0,"9":0,"10":1,"11":0,"12":0,"13":0,"14":1,"15":0,"16":0,"17":0,"18":1,"19":0,"20":0,"21":0,"22":1,"23":0,"24":0,"25":0,"26":1,"27":9,"28":9,"29":9,"30":0,"31":0,"32":0,"33":0,"34":0,"35":0,"36":0,"37":0,"38":0,"39":0,"40":0,"41":0,"42":0,"43":0,"44":0,"45":9,"46":1,"47":2,"48":2,"49":2,"50":0,"51":0,"52":0,"53":1,"54":2,"55":0,"56":0,"57":0,"58":1,"59":1,"60":0,"61":0,"62":0,"63":1,"64":0,"65":0,"66":0,"67":0,"68":0,"69":0,"70":0,"71":0,"72":1,"73":1,"74":0,"75":0,"76":0,"77":1,"78":0,"79":0,"80":0,"81":0,"82":1,"83":1,"84":0,"85":0,"86":0,"87":1,"88":1,"89":0,"90":0,"91":0,"92":1,"93":2,"94":0,"95":0,"96":0,"97":1,"98":1,"99":0,"100":0,"101":0,"102":1,"103":1,"104":0,"105":0,"106":0,"107":1,"108":0,"109":0,"110":0,"111":0,"112":0,"113":0,"114":1},"f":{"0":0,"1":0,"2":0,"3":0,"4":0,"5":9,"6":2,"7":0,"8":2,"9":0,"10":1,"11":0,"12":0,"13":0,"14":0,"15":1,"16":0,"17":0,"18":0,"19":1,"20":0,"21":1,"22":0,"23":2,"24":0,"25":1,"26":0,"27":1,"28":0,"29":0,"30":0},"b":{"0":[0],"1":[0],"2":[0,0],"3":[0,0],"4":[0,0],"5":[0,0],"6":[2],"7":[0,0],"8":[0,0],"9":[0,0],"10":[0,0],"11":[0,0],"12":[0,0],"13":[0,0],"14":[0,0],"15":[0,0],"16":[0,0],"17":[0,0],"18":[0,0]},"_coverageSchema":"1a1c01bbd47fc00a2c39e90264f33305004495a9","hash":"e9c04800f3fec9bb2763f93ddad0fc3de0f3d36d","contentHash":"24bc4c1e2ef0d6c6c2ab13970d4eab44cd5f6246995ddd0ec627d8a255b01627"},"/home/ubuntu/csr-aws-git/csr/CSR_Express/model/mongoError.js":{"path":"/home/ubuntu/csr-aws-git/csr/CSR_Express/model/mongoError.js","statementMap":{"0":{"start":{"line":1,"column":0},"end":{"line":20,"column":1}},"1":{"start":{"line":3,"column":19},"end":{"line":6,"column":5}},"2":{"start":{"line":8,"column":14},"end":{"line":8,"column":70}},"3":{"start":{"line":10,"column":4},"end":{"line":16,"column":5}},"4":{"start":{"line":11,"column":8},"end":{"line":11,"column":43}},"5":{"start":{"line":12,"column":11},"end":{"line":16,"column":5}},"6":{"start":{"line":13,"column":8},"end":{"line":13,"column":45}},"7":{"start":{"line":15,"column":8},"end":{"line":15,"column":30}},"8":{"start":{"line":18,"column":4},"end":{"line":18,"column":19}}},"fnMap":{"0":{"name":"(anonymous_0)","decl":{"start":{"line":1,"column":17},"end":{"line":1,"column":18}},"loc":{"start":{"line":1,"column":28},"end":{"line":20,"column":1}},"line":1}},"branchMap":{"0":{"loc":{"start":{"line":8,"column":14},"end":{"line":8,"column":70}},"type":"binary-expr","locations":[{"start":{"line":8,"column":14},"end":{"line":8,"column":27}},{"start":{"line":8,"column":31},"end":{"line":8,"column":45}},{"start":{"line":8,"column":49},"end":{"line":8,"column":70}}],"line":8},"1":{"loc":{"start":{"line":10,"column":4},"end":{"line":16,"column":5}},"type":"if","locations":[{"start":{"line":10,"column":4},"end":{"line":16,"column":5}},{"start":{"line":10,"column":4},"end":{"line":16,"column":5}}],"line":10},"2":{"loc":{"start":{"line":12,"column":11},"end":{"line":16,"column":5}},"type":"if","locations":[{"start":{"line":12,"column":11},"end":{"line":16,"column":5}},{"start":{"line":12,"column":11},"end":{"line":16,"column":5}}],"line":12}},"s":{"0":1,"1":9,"2":9,"3":9,"4":0,"5":9,"6":9,"7":0,"8":9},"f":{"0":9},"b":{"0":[9,0,0],"1":[0,9],"2":[9,0]},"_coverageSchema":"1a1c01bbd47fc00a2c39e90264f33305004495a9","hash":"911f558cd2b528303d3cca8c4afe192da8a83172","contentHash":"6271d239b99534a9c54c1da996bee7f0f6b5859675dc6364b8a25db9aeb1e9b1"},"/home/ubuntu/csr-aws-git/csr/CSR_Express/service/commonService.js":{"path":"/home/ubuntu/csr-aws-git/csr/CSR_Express/service/commonService.js","statementMap":{"0":{"start":{"line":1,"column":15},"end":{"line":1,"column":43}},"1":{"start":{"line":2,"column":20},"end":{"line":2,"column":51}},"2":{"start":{"line":4,"column":22},"end":{"line":4,"column":24}},"3":{"start":{"line":6,"column":0},"end":{"line":6,"column":64}},"4":{"start":{"line":9,"column":0},"end":{"line":14,"column":1}},"5":{"start":{"line":10,"column":4},"end":{"line":13,"column":6}},"6":{"start":{"line":11,"column":8},"end":{"line":11,"column":90}},"7":{"start":{"line":11,"column":18},"end":{"line":11,"column":90}},"8":{"start":{"line":12,"column":8},"end":{"line":12,"column":82}},"9":{"start":{"line":16,"column":0},"end":{"line":24,"column":1}},"10":{"start":{"line":17,"column":4},"end":{"line":23,"column":6}},"11":{"start":{"line":18,"column":8},"end":{"line":18,"column":30}},"12":{"start":{"line":18,"column":18},"end":{"line":18,"column":30}},"13":{"start":{"line":20,"column":18},"end":{"line":20,"column":45}},"14":{"start":{"line":21,"column":8},"end":{"line":21,"column":24}},"15":{"start":{"line":22,"column":8},"end":{"line":22,"column":17}},"16":{"start":{"line":26,"column":0},"end":{"line":34,"column":1}},"17":{"start":{"line":27,"column":4},"end":{"line":33,"column":6}},"18":{"start":{"line":28,"column":8},"end":{"line":28,"column":30}},"19":{"start":{"line":28,"column":18},"end":{"line":28,"column":30}},"20":{"start":{"line":30,"column":18},"end":{"line":30,"column":45}},"21":{"start":{"line":31,"column":8},"end":{"line":31,"column":24}},"22":{"start":{"line":32,"column":8},"end":{"line":32,"column":17}},"23":{"start":{"line":36,"column":0},"end":{"line":44,"column":1}},"24":{"start":{"line":37,"column":4},"end":{"line":43,"column":6}},"25":{"start":{"line":38,"column":8},"end":{"line":38,"column":30}},"26":{"start":{"line":38,"column":18},"end":{"line":38,"column":30}},"27":{"start":{"line":40,"column":18},"end":{"line":40,"column":45}},"28":{"start":{"line":41,"column":8},"end":{"line":41,"column":24}},"29":{"start":{"line":42,"column":8},"end":{"line":42,"column":17}},"30":{"start":{"line":46,"column":0},"end":{"line":54,"column":1}},"31":{"start":{"line":47,"column":4},"end":{"line":53,"column":6}},"32":{"start":{"line":48,"column":8},"end":{"line":48,"column":30}},"33":{"start":{"line":48,"column":18},"end":{"line":48,"column":30}},"34":{"start":{"line":50,"column":18},"end":{"line":50,"column":45}},"35":{"start":{"line":51,"column":8},"end":{"line":51,"column":24}},"36":{"start":{"line":52,"column":8},"end":{"line":52,"column":17}},"37":{"start":{"line":56,"column":0},"end":{"line":64,"column":1}},"38":{"start":{"line":57,"column":4},"end":{"line":63,"column":6}},"39":{"start":{"line":58,"column":8},"end":{"line":58,"column":30}},"40":{"start":{"line":58,"column":18},"end":{"line":58,"column":30}},"41":{"start":{"line":60,"column":18},"end":{"line":60,"column":45}},"42":{"start":{"line":61,"column":8},"end":{"line":61,"column":24}},"43":{"start":{"line":62,"column":8},"end":{"line":62,"column":17}},"44":{"start":{"line":66,"column":0},"end":{"line":66,"column":31}}},"fnMap":{"0":{"name":"(anonymous_0)","decl":{"start":{"line":9,"column":35},"end":{"line":9,"column":36}},"loc":{"start":{"line":9,"column":45},"end":{"line":14,"column":1}},"line":9},"1":{"name":"(anonymous_1)","decl":{"start":{"line":10,"column":53},"end":{"line":10,"column":54}},"loc":{"start":{"line":10,"column":61},"end":{"line":13,"column":5}},"line":10},"2":{"name":"(anonymous_2)","decl":{"start":{"line":16,"column":32},"end":{"line":16,"column":33}},"loc":{"start":{"line":16,"column":50},"end":{"line":24,"column":1}},"line":16},"3":{"name":"(anonymous_3)","decl":{"start":{"line":17,"column":58},"end":{"line":17,"column":59}},"loc":{"start":{"line":17,"column":66},"end":{"line":23,"column":5}},"line":17},"4":{"name":"(anonymous_4)","decl":{"start":{"line":26,"column":31},"end":{"line":26,"column":32}},"loc":{"start":{"line":26,"column":37},"end":{"line":34,"column":1}},"line":26},"5":{"name":"(anonymous_5)","decl":{"start":{"line":27,"column":45},"end":{"line":27,"column":46}},"loc":{"start":{"line":27,"column":53},"end":{"line":33,"column":5}},"line":27},"6":{"name":"(anonymous_6)","decl":{"start":{"line":36,"column":34},"end":{"line":36,"column":35}},"loc":{"start":{"line":36,"column":52},"end":{"line":44,"column":1}},"line":36},"7":{"name":"(anonymous_7)","decl":{"start":{"line":37,"column":60},"end":{"line":37,"column":61}},"loc":{"start":{"line":37,"column":68},"end":{"line":43,"column":5}},"line":37},"8":{"name":"(anonymous_8)","decl":{"start":{"line":46,"column":26},"end":{"line":46,"column":27}},"loc":{"start":{"line":46,"column":37},"end":{"line":54,"column":1}},"line":46},"9":{"name":"(anonymous_9)","decl":{"start":{"line":47,"column":45},"end":{"line":47,"column":46}},"loc":{"start":{"line":47,"column":53},"end":{"line":53,"column":5}},"line":47},"10":{"name":"(anonymous_10)","decl":{"start":{"line":56,"column":26},"end":{"line":56,"column":27}},"loc":{"start":{"line":56,"column":32},"end":{"line":64,"column":1}},"line":56},"11":{"name":"(anonymous_11)","decl":{"start":{"line":57,"column":40},"end":{"line":57,"column":41}},"loc":{"start":{"line":57,"column":48},"end":{"line":63,"column":5}},"line":57}},"branchMap":{"0":{"loc":{"start":{"line":11,"column":8},"end":{"line":11,"column":90}},"type":"if","locations":[{"start":{"line":11,"column":8},"end":{"line":11,"column":90}},{"start":{"line":11,"column":8},"end":{"line":11,"column":90}}],"line":11},"1":{"loc":{"start":{"line":18,"column":8},"end":{"line":18,"column":30}},"type":"if","locations":[{"start":{"line":18,"column":8},"end":{"line":18,"column":30}},{"start":{"line":18,"column":8},"end":{"line":18,"column":30}}],"line":18},"2":{"loc":{"start":{"line":28,"column":8},"end":{"line":28,"column":30}},"type":"if","locations":[{"start":{"line":28,"column":8},"end":{"line":28,"column":30}},{"start":{"line":28,"column":8},"end":{"line":28,"column":30}}],"line":28},"3":{"loc":{"start":{"line":38,"column":8},"end":{"line":38,"column":30}},"type":"if","locations":[{"start":{"line":38,"column":8},"end":{"line":38,"column":30}},{"start":{"line":38,"column":8},"end":{"line":38,"column":30}}],"line":38},"4":{"loc":{"start":{"line":48,"column":8},"end":{"line":48,"column":30}},"type":"if","locations":[{"start":{"line":48,"column":8},"end":{"line":48,"column":30}},{"start":{"line":48,"column":8},"end":{"line":48,"column":30}}],"line":48},"5":{"loc":{"start":{"line":58,"column":8},"end":{"line":58,"column":30}},"type":"if","locations":[{"start":{"line":58,"column":8},"end":{"line":58,"column":30}},{"start":{"line":58,"column":8},"end":{"line":58,"column":30}}],"line":58}},"s":{"0":1,"1":1,"2":1,"3":1,"4":1,"5":0,"6":0,"7":0,"8":0,"9":1,"10":2,"11":2,"12":1,"13":1,"14":1,"15":1,"16":1,"17":2,"18":2,"19":1,"20":1,"21":1,"22":1,"23":1,"24":0,"25":0,"26":0,"27":0,"28":0,"29":0,"30":1,"31":2,"32":2,"33":1,"34":1,"35":1,"36":1,"37":1,"38":2,"39":2,"40":1,"41":1,"42":1,"43":1,"44":1},"f":{"0":0,"1":0,"2":2,"3":2,"4":2,"5":2,"6":0,"7":0,"8":2,"9":2,"10":2,"11":2},"b":{"0":[0,0],"1":[1,1],"2":[1,1],"3":[0,0],"4":[1,1],"5":[1,1]},"_coverageSchema":"1a1c01bbd47fc00a2c39e90264f33305004495a9","hash":"12c1e88cdc56854d061c08a20bfc12c5a6ad2cc0","contentHash":"30dd564e771f6d1b98e9bbd0a64c866807be90a5383014b89814805917b71631"},"/home/ubuntu/csr-aws-git/csr/CSR_Express/app.js":{"path":"/home/ubuntu/csr-aws-git/csr/CSR_Express/app.js","statementMap":{"0":{"start":{"line":2,"column":11},"end":{"line":2,"column":24}},"1":{"start":{"line":3,"column":14},"end":{"line":3,"column":30}},"2":{"start":{"line":5,"column":15},"end":{"line":5,"column":32}},"3":{"start":{"line":6,"column":17},"end":{"line":6,"column":46}},"4":{"start":{"line":7,"column":19},"end":{"line":7,"column":48}},"5":{"start":{"line":9,"column":16},"end":{"line":15,"column":1}},"6":{"start":{"line":17,"column":0},"end":{"line":17,"column":27}},"7":{"start":{"line":18,"column":60},"end":{"line":18,"column":71}},"8":{"start":{"line":20,"column":13},"end":{"line":20,"column":28}},"9":{"start":{"line":21,"column":16},"end":{"line":21,"column":34}},"10":{"start":{"line":22,"column":20},"end":{"line":22,"column":42}},"11":{"start":{"line":23,"column":18},"end":{"line":23,"column":47}},"12":{"start":{"line":25,"column":30},"end":{"line":25,"column":59}},"13":{"start":{"line":26,"column":0},"end":{"line":26,"column":20}},"14":{"start":{"line":28,"column":21},"end":{"line":28,"column":57}},"15":{"start":{"line":29,"column":23},"end":{"line":29,"column":51}},"16":{"start":{"line":30,"column":19},"end":{"line":30,"column":50}},"17":{"start":{"line":31,"column":15},"end":{"line":31,"column":42}},"18":{"start":{"line":33,"column":12},"end":{"line":33,"column":21}},"19":{"start":{"line":35,"column":0},"end":{"line":35,"column":22}},"20":{"start":{"line":36,"column":0},"end":{"line":36,"column":18}},"21":{"start":{"line":37,"column":0},"end":{"line":37,"column":21}},"22":{"start":{"line":39,"column":16},"end":{"line":54,"column":2}},"23":{"start":{"line":48,"column":8},"end":{"line":48,"column":74}},"24":{"start":{"line":49,"column":20},"end":{"line":49,"column":84}},"25":{"start":{"line":50,"column":8},"end":{"line":50,"column":27}},"26":{"start":{"line":51,"column":8},"end":{"line":51,"column":20}},"27":{"start":{"line":57,"column":0},"end":{"line":57,"column":25}},"28":{"start":{"line":58,"column":0},"end":{"line":58,"column":16}},"29":{"start":{"line":60,"column":0},"end":{"line":60,"column":41}},"30":{"start":{"line":61,"column":0},"end":{"line":63,"column":4}},"31":{"start":{"line":65,"column":0},"end":{"line":69,"column":3}},"32":{"start":{"line":66,"column":4},"end":{"line":66,"column":26}},"33":{"start":{"line":67,"column":4},"end":{"line":67,"column":104}},"34":{"start":{"line":68,"column":4},"end":{"line":68,"column":11}},"35":{"start":{"line":72,"column":0},"end":{"line":78,"column":7}},"36":{"start":{"line":74,"column":8},"end":{"line":74,"column":23}},"37":{"start":{"line":77,"column":8},"end":{"line":77,"column":39}},"38":{"start":{"line":81,"column":0},"end":{"line":87,"column":6}},"39":{"start":{"line":83,"column":8},"end":{"line":83,"column":23}},"40":{"start":{"line":86,"column":8},"end":{"line":86,"column":39}},"41":{"start":{"line":91,"column":0},"end":{"line":91,"column":20}},"42":{"start":{"line":93,"column":0},"end":{"line":103,"column":3}},"43":{"start":{"line":94,"column":4},"end":{"line":94,"column":51}},"44":{"start":{"line":95,"column":4},"end":{"line":95,"column":37}},"45":{"start":{"line":96,"column":4},"end":{"line":96,"column":61}},"46":{"start":{"line":99,"column":4},"end":{"line":99,"column":111}},"47":{"start":{"line":102,"column":4},"end":{"line":102,"column":73}},"48":{"start":{"line":105,"column":0},"end":{"line":105,"column":21}}},"fnMap":{"0":{"name":"(anonymous_0)","decl":{"start":{"line":47,"column":13},"end":{"line":47,"column":14}},"loc":{"start":{"line":47,"column":39},"end":{"line":53,"column":5}},"line":47},"1":{"name":"(anonymous_1)","decl":{"start":{"line":65,"column":8},"end":{"line":65,"column":9}},"loc":{"start":{"line":65,"column":28},"end":{"line":69,"column":1}},"line":65},"2":{"name":"(anonymous_2)","decl":{"start":{"line":73,"column":10},"end":{"line":73,"column":11}},"loc":{"start":{"line":73,"column":15},"end":{"line":75,"column":5}},"line":73},"3":{"name":"(anonymous_3)","decl":{"start":{"line":76,"column":11},"end":{"line":76,"column":12}},"loc":{"start":{"line":76,"column":16},"end":{"line":78,"column":5}},"line":76},"4":{"name":"(anonymous_4)","decl":{"start":{"line":82,"column":10},"end":{"line":82,"column":11}},"loc":{"start":{"line":82,"column":15},"end":{"line":84,"column":5}},"line":82},"5":{"name":"(anonymous_5)","decl":{"start":{"line":85,"column":11},"end":{"line":85,"column":12}},"loc":{"start":{"line":85,"column":16},"end":{"line":87,"column":5}},"line":85},"6":{"name":"(anonymous_6)","decl":{"start":{"line":93,"column":8},"end":{"line":93,"column":9}},"loc":{"start":{"line":93,"column":33},"end":{"line":103,"column":1}},"line":93}},"branchMap":{"0":{"loc":{"start":{"line":77,"column":24},"end":{"line":77,"column":36}},"type":"binary-expr","locations":[{"start":{"line":77,"column":24},"end":{"line":77,"column":31}},{"start":{"line":77,"column":35},"end":{"line":77,"column":36}}],"line":77},"1":{"loc":{"start":{"line":86,"column":24},"end":{"line":86,"column":36}},"type":"binary-expr","locations":[{"start":{"line":86,"column":24},"end":{"line":86,"column":31}},{"start":{"line":86,"column":35},"end":{"line":86,"column":36}}],"line":86},"2":{"loc":{"start":{"line":96,"column":23},"end":{"line":96,"column":60}},"type":"cond-expr","locations":[{"start":{"line":96,"column":52},"end":{"line":96,"column":55}},{"start":{"line":96,"column":58},"end":{"line":96,"column":60}}],"line":96},"3":{"loc":{"start":{"line":99,"column":69},"end":{"line":99,"column":86}},"type":"binary-expr","locations":[{"start":{"line":99,"column":69},"end":{"line":99,"column":79}},{"start":{"line":99,"column":83},"end":{"line":99,"column":86}}],"line":99},"4":{"loc":{"start":{"line":99,"column":91},"end":{"line":99,"column":107}},"type":"binary-expr","locations":[{"start":{"line":99,"column":91},"end":{"line":99,"column":100}},{"start":{"line":99,"column":104},"end":{"line":99,"column":107}}],"line":99}},"s":{"0":1,"1":1,"2":1,"3":1,"4":1,"5":1,"6":1,"7":1,"8":1,"9":1,"10":1,"11":1,"12":1,"13":1,"14":1,"15":1,"16":1,"17":1,"18":1,"19":1,"20":1,"21":1,"22":1,"23":0,"24":0,"25":0,"26":0,"27":1,"28":1,"29":1,"30":1,"31":1,"32":57,"33":57,"34":57,"35":1,"36":0,"37":1,"38":1,"39":0,"40":1,"41":1,"42":1,"43":23,"44":23,"45":23,"46":23,"47":23,"48":1},"f":{"0":0,"1":57,"2":0,"3":1,"4":0,"5":1,"6":23},"b":{"0":[1,0],"1":[1,0],"2":[23,0],"3":[23,15],"4":[23,0]},"_coverageSchema":"1a1c01bbd47fc00a2c39e90264f33305004495a9","hash":"3d8c4d7d5d9a0b5723b13811c5de98f7f0fa1416","contentHash":"2e3e08a77f397a77835850bd640ed6c07bf84ad05a0b79c87dd7603b6eeb2834"},"/home/ubuntu/csr-aws-git/csr/CSR_Express/fabric-sdk/registerUser.js":{"path":"/home/ubuntu/csr-aws-git/csr/CSR_Express/fabric-sdk/registerUser.js","statementMap":{"0":{"start":{"line":9,"column":20},"end":{"line":9,"column":45}},"1":{"start":{"line":10,"column":25},"end":{"line":10,"column":52}},"2":{"start":{"line":11,"column":11},"end":{"line":11,"column":24}},"3":{"start":{"line":12,"column":13},"end":{"line":12,"column":28}},"4":{"start":{"line":13,"column":20},"end":{"line":13,"column":44}},"5":{"start":{"line":14,"column":15},"end":{"line":14,"column":43}},"6":{"start":{"line":19,"column":20},"end":{"line":19,"column":161}},"7":{"start":{"line":20,"column":16},"end":{"line":20,"column":60}},"8":{"start":{"line":23,"column":18},"end":{"line":23,"column":73}},"9":{"start":{"line":24,"column":15},"end":{"line":24,"column":42}},"10":{"start":{"line":27,"column":23},"end":{"line":27,"column":68}},"11":{"start":{"line":28,"column":19},"end":{"line":28,"column":64}},"12":{"start":{"line":29,"column":4},"end":{"line":29,"column":47}},"13":{"start":{"line":32,"column":25},"end":{"line":32,"column":51}},"14":{"start":{"line":35,"column":4},"end":{"line":41,"column":5}},"15":{"start":{"line":36,"column":8},"end":{"line":40,"column":9}},"16":{"start":{"line":37,"column":12},"end":{"line":37,"column":24}},"17":{"start":{"line":39,"column":12},"end":{"line":39,"column":25}},"18":{"start":{"line":43,"column":4},"end":{"line":48,"column":5}},"19":{"start":{"line":44,"column":8},"end":{"line":44,"column":90}},"20":{"start":{"line":45,"column":18},"end":{"line":45,"column":96}},"21":{"start":{"line":46,"column":8},"end":{"line":46,"column":25}},"22":{"start":{"line":47,"column":8},"end":{"line":47,"column":18}},"23":{"start":{"line":51,"column":24},"end":{"line":51,"column":49}},"24":{"start":{"line":52,"column":4},"end":{"line":68,"column":5}},"25":{"start":{"line":53,"column":8},"end":{"line":53,"column":92}},"26":{"start":{"line":54,"column":8},"end":{"line":54,"column":75}},"27":{"start":{"line":55,"column":8},"end":{"line":67,"column":9}},"28":{"start":{"line":56,"column":12},"end":{"line":56,"column":55}},"29":{"start":{"line":59,"column":12},"end":{"line":59,"column":43}},"30":{"start":{"line":60,"column":12},"end":{"line":66,"column":13}},"31":{"start":{"line":63,"column":26},"end":{"line":63,"column":106}},"32":{"start":{"line":64,"column":16},"end":{"line":64,"column":33}},"33":{"start":{"line":65,"column":16},"end":{"line":65,"column":26}},"34":{"start":{"line":71,"column":21},"end":{"line":71,"column":81}},"35":{"start":{"line":72,"column":22},"end":{"line":72,"column":75}},"36":{"start":{"line":75,"column":4},"end":{"line":79,"column":5}},"37":{"start":{"line":76,"column":8},"end":{"line":76,"column":38}},"38":{"start":{"line":78,"column":8},"end":{"line":78,"column":68}},"39":{"start":{"line":82,"column":19},"end":{"line":86,"column":17}},"40":{"start":{"line":87,"column":23},"end":{"line":90,"column":6}},"41":{"start":{"line":91,"column":25},"end":{"line":98,"column":5}},"42":{"start":{"line":99,"column":4},"end":{"line":99,"column":45}},"43":{"start":{"line":100,"column":4},"end":{"line":100,"column":112}},"44":{"start":{"line":105,"column":0},"end":{"line":105,"column":22}}},"fnMap":{"0":{"name":"main","decl":{"start":{"line":16,"column":15},"end":{"line":16,"column":19}},"loc":{"start":{"line":16,"column":60},"end":{"line":101,"column":1}},"line":16}},"branchMap":{"0":{"loc":{"start":{"line":16,"column":39},"end":{"line":16,"column":58}},"type":"default-arg","locations":[{"start":{"line":16,"column":53},"end":{"line":16,"column":58}}],"line":16},"1":{"loc":{"start":{"line":35,"column":4},"end":{"line":41,"column":5}},"type":"if","locations":[{"start":{"line":35,"column":4},"end":{"line":41,"column":5}},{"start":{"line":35,"column":4},"end":{"line":41,"column":5}}],"line":35},"2":{"loc":{"start":{"line":36,"column":8},"end":{"line":40,"column":9}},"type":"if","locations":[{"start":{"line":36,"column":8},"end":{"line":40,"column":9}},{"start":{"line":36,"column":8},"end":{"line":40,"column":9}}],"line":36},"3":{"loc":{"start":{"line":43,"column":4},"end":{"line":48,"column":5}},"type":"if","locations":[{"start":{"line":43,"column":4},"end":{"line":48,"column":5}},{"start":{"line":43,"column":4},"end":{"line":48,"column":5}}],"line":43},"4":{"loc":{"start":{"line":52,"column":4},"end":{"line":68,"column":5}},"type":"if","locations":[{"start":{"line":52,"column":4},"end":{"line":68,"column":5}},{"start":{"line":52,"column":4},"end":{"line":68,"column":5}}],"line":52},"5":{"loc":{"start":{"line":60,"column":12},"end":{"line":66,"column":13}},"type":"if","locations":[{"start":{"line":60,"column":12},"end":{"line":66,"column":13}},{"start":{"line":60,"column":12},"end":{"line":66,"column":13}}],"line":60},"6":{"loc":{"start":{"line":75,"column":4},"end":{"line":79,"column":5}},"type":"if","locations":[{"start":{"line":75,"column":4},"end":{"line":79,"column":5}},{"start":{"line":75,"column":4},"end":{"line":79,"column":5}}],"line":75}},"s":{"0":1,"1":1,"2":1,"3":1,"4":1,"5":1,"6":2,"7":2,"8":2,"9":2,"10":2,"11":2,"12":2,"13":2,"14":2,"15":0,"16":0,"17":0,"18":2,"19":2,"20":2,"21":2,"22":2,"23":0,"24":0,"25":0,"26":0,"27":0,"28":0,"29":0,"30":0,"31":0,"32":0,"33":0,"34":0,"35":0,"36":0,"37":0,"38":0,"39":0,"40":0,"41":0,"42":0,"43":0,"44":1},"f":{"0":2},"b":{"0":[2],"1":[0,2],"2":[0,0],"3":[2,0],"4":[0,0],"5":[0,0],"6":[0,0]},"_coverageSchema":"1a1c01bbd47fc00a2c39e90264f33305004495a9","hash":"aa499889b2f441fc67f2902f7dcfa90fb1c977f9","contentHash":"581a43919e661a5bcc6ab6a1f0f06925333e1d3502ba07097915e46a50ca58bc"},"/home/ubuntu/csr-aws-git/csr/CSR_Express/fabric-sdk/enrollAdmin.js":{"path":"/home/ubuntu/csr-aws-git/csr/CSR_Express/fabric-sdk/enrollAdmin.js","statementMap":{"0":{"start":{"line":9,"column":25},"end":{"line":9,"column":52}},"1":{"start":{"line":10,"column":20},"end":{"line":10,"column":45}},"2":{"start":{"line":11,"column":11},"end":{"line":11,"column":24}},"3":{"start":{"line":12,"column":13},"end":{"line":12,"column":28}},"4":{"start":{"line":13,"column":15},"end":{"line":13,"column":43}},"5":{"start":{"line":17,"column":20},"end":{"line":17,"column":161}},"6":{"start":{"line":18,"column":16},"end":{"line":18,"column":60}},"7":{"start":{"line":21,"column":19},"end":{"line":21,"column":70}},"8":{"start":{"line":22,"column":25},"end":{"line":22,"column":46}},"9":{"start":{"line":23,"column":15},"end":{"line":23,"column":109}},"10":{"start":{"line":26,"column":23},"end":{"line":26,"column":68}},"11":{"start":{"line":27,"column":19},"end":{"line":27,"column":64}},"12":{"start":{"line":28,"column":4},"end":{"line":28,"column":47}},"13":{"start":{"line":31,"column":21},"end":{"line":31,"column":46}},"14":{"start":{"line":32,"column":4},"end":{"line":35,"column":5}},"15":{"start":{"line":33,"column":8},"end":{"line":33,"column":92}},"16":{"start":{"line":34,"column":8},"end":{"line":34,"column":95}},"17":{"start":{"line":38,"column":4},"end":{"line":42,"column":5}},"18":{"start":{"line":39,"column":8},"end":{"line":39,"column":38}},"19":{"start":{"line":41,"column":8},"end":{"line":41,"column":68}},"20":{"start":{"line":45,"column":23},"end":{"line":45,"column":94}},"21":{"start":{"line":46,"column":25},"end":{"line":53,"column":5}},"22":{"start":{"line":54,"column":4},"end":{"line":54,"column":44}},"23":{"start":{"line":55,"column":4},"end":{"line":55,"column":93}},"24":{"start":{"line":56,"column":4},"end":{"line":56,"column":24}},"25":{"start":{"line":61,"column":0},"end":{"line":61,"column":22}}},"fnMap":{"0":{"name":"main","decl":{"start":{"line":15,"column":15},"end":{"line":15,"column":19}},"loc":{"start":{"line":15,"column":29},"end":{"line":57,"column":1}},"line":15}},"branchMap":{"0":{"loc":{"start":{"line":32,"column":4},"end":{"line":35,"column":5}},"type":"if","locations":[{"start":{"line":32,"column":4},"end":{"line":35,"column":5}},{"start":{"line":32,"column":4},"end":{"line":35,"column":5}}],"line":32},"1":{"loc":{"start":{"line":38,"column":4},"end":{"line":42,"column":5}},"type":"if","locations":[{"start":{"line":38,"column":4},"end":{"line":42,"column":5}},{"start":{"line":38,"column":4},"end":{"line":42,"column":5}}],"line":38}},"s":{"0":1,"1":1,"2":1,"3":1,"4":1,"5":0,"6":0,"7":0,"8":0,"9":0,"10":0,"11":0,"12":0,"13":0,"14":0,"15":0,"16":0,"17":0,"18":0,"19":0,"20":0,"21":0,"22":0,"23":0,"24":0,"25":1},"f":{"0":0},"b":{"0":[0,0],"1":[0,0]},"_coverageSchema":"1a1c01bbd47fc00a2c39e90264f33305004495a9","hash":"028d807c82fcbc2df925afcdd174ab92b2135c5c","contentHash":"88887348780ac9828ddae5f5ea78a030d3303dd371f0b1277958dee217a2b959"},"/home/ubuntu/csr-aws-git/csr/CSR_Express/utils/functions.js":{"path":"/home/ubuntu/csr-aws-git/csr/CSR_Express/utils/functions.js","statementMap":{"0":{"start":{"line":1,"column":10},"end":{"line":1,"column":25}},"1":{"start":{"line":2,"column":14},"end":{"line":2,"column":30}},"2":{"start":{"line":4,"column":18},"end":{"line":4,"column":20}},"3":{"start":{"line":6,"column":0},"end":{"line":11,"column":1}},"4":{"start":{"line":7,"column":4},"end":{"line":10,"column":5}},"5":{"start":{"line":15,"column":0},"end":{"line":35,"column":1}},"6":{"start":{"line":18,"column":4},"end":{"line":24,"column":5}},"7":{"start":{"line":19,"column":8},"end":{"line":19,"column":54}},"8":{"start":{"line":20,"column":8},"end":{"line":20,"column":103}},"9":{"start":{"line":22,"column":8},"end":{"line":22,"column":116}},"10":{"start":{"line":23,"column":8},"end":{"line":23,"column":37}},"11":{"start":{"line":26,"column":4},"end":{"line":29,"column":5}},"12":{"start":{"line":27,"column":8},"end":{"line":27,"column":31}},"13":{"start":{"line":28,"column":8},"end":{"line":28,"column":28}},"14":{"start":{"line":31,"column":4},"end":{"line":31,"column":28}},"15":{"start":{"line":32,"column":4},"end":{"line":32,"column":26}},"16":{"start":{"line":34,"column":4},"end":{"line":34,"column":16}},"17":{"start":{"line":37,"column":0},"end":{"line":42,"column":1}},"18":{"start":{"line":38,"column":4},"end":{"line":41,"column":5}},"19":{"start":{"line":44,"column":0},"end":{"line":44,"column":66}},"20":{"start":{"line":44,"column":40},"end":{"line":44,"column":65}},"21":{"start":{"line":46,"column":0},"end":{"line":70,"column":1}},"22":{"start":{"line":47,"column":4},"end":{"line":69,"column":5}},"23":{"start":{"line":48,"column":43},"end":{"line":63,"column":10}},"24":{"start":{"line":64,"column":8},"end":{"line":64,"column":57}},"25":{"start":{"line":65,"column":8},"end":{"line":65,"column":28}},"26":{"start":{"line":67,"column":8},"end":{"line":67,"column":25}},"27":{"start":{"line":68,"column":8},"end":{"line":68,"column":21}},"28":{"start":{"line":72,"column":0},"end":{"line":82,"column":1}},"29":{"start":{"line":73,"column":21},"end":{"line":79,"column":6}},"30":{"start":{"line":80,"column":4},"end":{"line":80,"column":38}},"31":{"start":{"line":81,"column":4},"end":{"line":81,"column":25}},"32":{"start":{"line":83,"column":0},"end":{"line":83,"column":27}}},"fnMap":{"0":{"name":"(anonymous_0)","decl":{"start":{"line":6,"column":30},"end":{"line":6,"column":31}},"loc":{"start":{"line":6,"column":41},"end":{"line":11,"column":1}},"line":6},"1":{"name":"(anonymous_1)","decl":{"start":{"line":15,"column":26},"end":{"line":15,"column":27}},"loc":{"start":{"line":15,"column":79},"end":{"line":35,"column":1}},"line":15},"2":{"name":"(anonymous_2)","decl":{"start":{"line":37,"column":23},"end":{"line":37,"column":24}},"loc":{"start":{"line":37,"column":42},"end":{"line":42,"column":1}},"line":37},"3":{"name":"(anonymous_3)","decl":{"start":{"line":44,"column":25},"end":{"line":44,"column":26}},"loc":{"start":{"line":44,"column":40},"end":{"line":44,"column":65}},"line":44},"4":{"name":"(anonymous_4)","decl":{"start":{"line":46,"column":35},"end":{"line":46,"column":36}},"loc":{"start":{"line":46,"column":47},"end":{"line":70,"column":1}},"line":46},"5":{"name":"(anonymous_5)","decl":{"start":{"line":72,"column":29},"end":{"line":72,"column":30}},"loc":{"start":{"line":72,"column":61},"end":{"line":82,"column":1}},"line":72}},"branchMap":{"0":{"loc":{"start":{"line":15,"column":40},"end":{"line":15,"column":55}},"type":"default-arg","locations":[{"start":{"line":15,"column":53},"end":{"line":15,"column":55}}],"line":15},"1":{"loc":{"start":{"line":15,"column":57},"end":{"line":15,"column":74}},"type":"default-arg","locations":[{"start":{"line":15,"column":72},"end":{"line":15,"column":74}}],"line":15},"2":{"loc":{"start":{"line":18,"column":4},"end":{"line":24,"column":5}},"type":"if","locations":[{"start":{"line":18,"column":4},"end":{"line":24,"column":5}},{"start":{"line":18,"column":4},"end":{"line":24,"column":5}}],"line":18},"3":{"loc":{"start":{"line":20,"column":17},"end":{"line":20,"column":102}},"type":"cond-expr","locations":[{"start":{"line":20,"column":62},"end":{"line":20,"column":65}},{"start":{"line":20,"column":68},"end":{"line":20,"column":102}}],"line":20},"4":{"loc":{"start":{"line":22,"column":18},"end":{"line":22,"column":115}},"type":"cond-expr","locations":[{"start":{"line":22,"column":78},"end":{"line":22,"column":91}},{"start":{"line":22,"column":94},"end":{"line":22,"column":115}}],"line":22},"5":{"loc":{"start":{"line":22,"column":19},"end":{"line":22,"column":74}},"type":"binary-expr","locations":[{"start":{"line":22,"column":19},"end":{"line":22,"column":57}},{"start":{"line":22,"column":61},"end":{"line":22,"column":74}}],"line":22},"6":{"loc":{"start":{"line":23,"column":17},"end":{"line":23,"column":36}},"type":"binary-expr","locations":[{"start":{"line":23,"column":17},"end":{"line":23,"column":29}},{"start":{"line":23,"column":33},"end":{"line":23,"column":36}}],"line":23},"7":{"loc":{"start":{"line":26,"column":4},"end":{"line":29,"column":5}},"type":"if","locations":[{"start":{"line":26,"column":4},"end":{"line":29,"column":5}},{"start":{"line":26,"column":4},"end":{"line":29,"column":5}}],"line":26},"8":{"loc":{"start":{"line":26,"column":8},"end":{"line":26,"column":34}},"type":"binary-expr","locations":[{"start":{"line":26,"column":8},"end":{"line":26,"column":20}},{"start":{"line":26,"column":24},"end":{"line":26,"column":34}}],"line":26}},"s":{"0":1,"1":1,"2":1,"3":1,"4":17,"5":1,"6":8,"7":0,"8":0,"9":8,"10":8,"11":8,"12":0,"13":0,"14":8,"15":8,"16":8,"17":1,"18":23,"19":1,"20":0,"21":1,"22":0,"23":0,"24":0,"25":0,"26":0,"27":0,"28":1,"29":0,"30":0,"31":0,"32":1},"f":{"0":17,"1":8,"2":23,"3":0,"4":0,"5":0},"b":{"0":[8],"1":[8],"2":[0,8],"3":[0,0],"4":[8,0],"5":[8,8],"6":[8,5],"7":[0,8],"8":[8,0]},"_coverageSchema":"1a1c01bbd47fc00a2c39e90264f33305004495a9","hash":"40b3ef00d2c66c56305450c7241f6425c8d46a35","contentHash":"6ddfafd02ad69e83792c68e475932b85eaa01df89e75fb04c5982f6b67ca0a7b"},"/home/ubuntu/csr-aws-git/csr/CSR_Express/routers/mainRouter.js":{"path":"/home/ubuntu/csr-aws-git/csr/CSR_Express/routers/mainRouter.js","statementMap":{"0":{"start":{"line":1,"column":0},"end":{"line":1,"column":27}},"1":{"start":{"line":2,"column":70},"end":{"line":2,"column":81}},"2":{"start":{"line":4,"column":16},"end":{"line":4,"column":34}},"3":{"start":{"line":5,"column":10},"end":{"line":5,"column":33}},"4":{"start":{"line":6,"column":19},"end":{"line":6,"column":35}},"5":{"start":{"line":9,"column":21},"end":{"line":9,"column":57}},"6":{"start":{"line":10,"column":22},"end":{"line":10,"column":56}},"7":{"start":{"line":11,"column":24},"end":{"line":11,"column":53}},"8":{"start":{"line":12,"column":26},"end":{"line":12,"column":57}},"9":{"start":{"line":13,"column":27},"end":{"line":13,"column":59}},"10":{"start":{"line":14,"column":22},"end":{"line":14,"column":59}},"11":{"start":{"line":15,"column":18},"end":{"line":15,"column":56}},"12":{"start":{"line":16,"column":20},"end":{"line":16,"column":55}},"13":{"start":{"line":17,"column":21},"end":{"line":17,"column":57}},"14":{"start":{"line":18,"column":20},"end":{"line":18,"column":55}},"15":{"start":{"line":19,"column":26},"end":{"line":19,"column":67}},"16":{"start":{"line":20,"column":24},"end":{"line":20,"column":52}},"17":{"start":{"line":21,"column":20},"end":{"line":21,"column":55}},"18":{"start":{"line":24,"column":21},"end":{"line":24,"column":58}},"19":{"start":{"line":25,"column":20},"end":{"line":25,"column":53}},"20":{"start":{"line":28,"column":15},"end":{"line":28,"column":43}},"21":{"start":{"line":29,"column":17},"end":{"line":29,"column":45}},"22":{"start":{"line":30,"column":57},"end":{"line":30,"column":86}},"23":{"start":{"line":33,"column":0},"end":{"line":67,"column":3}},"24":{"start":{"line":34,"column":15},"end":{"line":34,"column":55}},"25":{"start":{"line":35,"column":4},"end":{"line":66,"column":5}},"26":{"start":{"line":36,"column":8},"end":{"line":36,"column":15}},"27":{"start":{"line":38,"column":25},"end":{"line":38,"column":27}},"28":{"start":{"line":39,"column":8},"end":{"line":43,"column":9}},"29":{"start":{"line":40,"column":12},"end":{"line":42,"column":13}},"30":{"start":{"line":41,"column":16},"end":{"line":41,"column":30}},"31":{"start":{"line":44,"column":8},"end":{"line":44,"column":42}},"32":{"start":{"line":45,"column":8},"end":{"line":65,"column":9}},"33":{"start":{"line":46,"column":26},"end":{"line":46,"column":50}},"34":{"start":{"line":47,"column":12},"end":{"line":60,"column":14}},"35":{"start":{"line":48,"column":16},"end":{"line":59,"column":17}},"36":{"start":{"line":49,"column":32},"end":{"line":51,"column":45}},"37":{"start":{"line":52,"column":20},"end":{"line":52,"column":39}},"38":{"start":{"line":53,"column":20},"end":{"line":53,"column":32}},"39":{"start":{"line":55,"column":20},"end":{"line":55,"column":52}},"40":{"start":{"line":56,"column":20},"end":{"line":56,"column":50}},"41":{"start":{"line":57,"column":20},"end":{"line":57,"column":120}},"42":{"start":{"line":58,"column":20},"end":{"line":58,"column":27}},"43":{"start":{"line":62,"column":24},"end":{"line":62,"column":50}},"44":{"start":{"line":63,"column":12},"end":{"line":63,"column":31}},"45":{"start":{"line":64,"column":12},"end":{"line":64,"column":24}},"46":{"start":{"line":70,"column":0},"end":{"line":70,"column":25}},"47":{"start":{"line":72,"column":0},"end":{"line":131,"column":2}},"48":{"start":{"line":74,"column":16},"end":{"line":74,"column":56}},"49":{"start":{"line":76,"column":18},"end":{"line":76,"column":29}},"50":{"start":{"line":78,"column":12},"end":{"line":78,"column":42}},"51":{"start":{"line":79,"column":4},"end":{"line":79,"column":18}},"52":{"start":{"line":81,"column":4},"end":{"line":83,"column":5}},"53":{"start":{"line":82,"column":8},"end":{"line":82,"column":31}},"54":{"start":{"line":85,"column":15},"end":{"line":85,"column":115}},"55":{"start":{"line":86,"column":4},"end":{"line":88,"column":5}},"56":{"start":{"line":87,"column":8},"end":{"line":87,"column":22}},"57":{"start":{"line":90,"column":4},"end":{"line":92,"column":5}},"58":{"start":{"line":91,"column":8},"end":{"line":91,"column":31}},"59":{"start":{"line":94,"column":30},"end":{"line":98,"column":5}},"60":{"start":{"line":100,"column":4},"end":{"line":108,"column":5}},"61":{"start":{"line":101,"column":8},"end":{"line":101,"column":31}},"62":{"start":{"line":102,"column":8},"end":{"line":107,"column":9}},"63":{"start":{"line":103,"column":12},"end":{"line":103,"column":26}},"64":{"start":{"line":106,"column":12},"end":{"line":106,"column":42}},"65":{"start":{"line":110,"column":16},"end":{"line":115,"column":
[...]
"column":8},"end":{"line":111,"column":9}},"50":{"start":{"line":99,"column":12},"end":{"line":99,"column":59}},"51":{"start":{"line":100,"column":12},"end":{"line":100,"column":77}},"52":{"start":{"line":102,"column":12},"end":{"line":104,"column":13}},"53":{"start":{"line":103,"column":16},"end":{"line":103,"column":123}},"54":{"start":{"line":105,"column":12},"end":{"line":110,"column":13}},"55":{"start":{"line":106,"column":16},"end":{"line":106,"column":68}},"56":{"start":{"line":107,"column":16},"end":{"line":107,"column":105}},"57":{"start":{"line":109,"column":16},"end":{"line":109,"column":61}},"58":{"start":{"line":113,"column":8},"end":{"line":113,"column":47}},"59":{"start":{"line":118,"column":0},"end":{"line":126,"column":2}},"60":{"start":{"line":119,"column":4},"end":{"line":119,"column":76}},"61":{"start":{"line":121,"column":4},"end":{"line":125,"column":32}},"62":{"start":{"line":123,"column":12},"end":{"line":123,"column":26}},"63":{"start":{"line":125,"column":22},"end":{"line":125,"column":31}},"64":{"start":{"line":129,"column":0},"end":{"line":137,"column":2}},"65":{"start":{"line":130,"column":4},"end":{"line":130,"column":84}},"66":{"start":{"line":132,"column":4},"end":{"line":136,"column":32}},"67":{"start":{"line":134,"column":12},"end":{"line":134,"column":26}},"68":{"start":{"line":136,"column":22},"end":{"line":136,"column":31}},"69":{"start":{"line":140,"column":0},"end":{"line":154,"column":2}},"70":{"start":{"line":141,"column":4},"end":{"line":141,"column":43}},"71":{"start":{"line":143,"column":4},"end":{"line":145,"column":5}},"72":{"start":{"line":144,"column":8},"end":{"line":144,"column":28}},"73":{"start":{"line":147,"column":15},"end":{"line":147,"column":60}},"74":{"start":{"line":149,"column":4},"end":{"line":153,"column":32}},"75":{"start":{"line":151,"column":12},"end":{"line":151,"column":26}},"76":{"start":{"line":153,"column":22},"end":{"line":153,"column":31}},"77":{"start":{"line":156,"column":0},"end":{"line":168,"column":2}},"78":{"start":{"line":157,"column":4},"end":{"line":157,"column":46}},"79":{"start":{"line":158,"column":4},"end":{"line":160,"column":5}},"80":{"start":{"line":159,"column":8},"end":{"line":159,"column":28}},"81":{"start":{"line":162,"column":15},"end":{"line":162,"column":60}},"82":{"start":{"line":163,"column":4},"end":{"line":167,"column":32}},"83":{"start":{"line":165,"column":12},"end":{"line":165,"column":26}},"84":{"start":{"line":167,"column":22},"end":{"line":167,"column":31}},"85":{"start":{"line":170,"column":0},"end":{"line":170,"column":24}}},"fnMap":{"0":{"name":"(anonymous_0)","decl":{"start":{"line":14,"column":24},"end":{"line":14,"column":25}},"loc":{"start":{"line":14,"column":44},"end":{"line":44,"column":1}},"line":14},"1":{"name":"(anonymous_1)","decl":{"start":{"line":18,"column":14},"end":{"line":18,"column":15}},"loc":{"start":{"line":18,"column":30},"end":{"line":38,"column":9}},"line":18},"2":{"name":"(anonymous_2)","decl":{"start":{"line":39,"column":15},"end":{"line":39,"column":16}},"loc":{"start":{"line":39,"column":22},"end":{"line":43,"column":9}},"line":39},"3":{"name":"(anonymous_3)","decl":{"start":{"line":47,"column":38},"end":{"line":47,"column":39}},"loc":{"start":{"line":47,"column":58},"end":{"line":54,"column":1}},"line":47},"4":{"name":"(anonymous_4)","decl":{"start":{"line":50,"column":14},"end":{"line":50,"column":15}},"loc":{"start":{"line":50,"column":24},"end":{"line":52,"column":9}},"line":50},"5":{"name":"(anonymous_5)","decl":{"start":{"line":53,"column":15},"end":{"line":53,"column":16}},"loc":{"start":{"line":53,"column":22},"end":{"line":53,"column":31}},"line":53},"6":{"name":"(anonymous_6)","decl":{"start":{"line":57,"column":23},"end":{"line":57,"column":24}},"loc":{"start":{"line":57,"column":43},"end":{"line":69,"column":1}},"line":57},"7":{"name":"(anonymous_7)","decl":{"start":{"line":65,"column":14},"end":{"line":65,"column":15}},"loc":{"start":{"line":65,"column":24},"end":{"line":67,"column":9}},"line":65},"8":{"name":"(anonymous_8)","decl":{"start":{"line":68,"column":15},"end":{"line":68,"column":16}},"loc":{"start":{"line":68,"column":22},"end":{"line":68,"column":31}},"line":68},"9":{"name":"(anonymous_9)","decl":{"start":{"line":72,"column":29},"end":{"line":72,"column":30}},"loc":{"start":{"line":72,"column":49},"end":{"line":79,"column":1}},"line":72},"10":{"name":"(anonymous_10)","decl":{"start":{"line":75,"column":14},"end":{"line":75,"column":15}},"loc":{"start":{"line":75,"column":24},"end":{"line":77,"column":9}},"line":75},"11":{"name":"(anonymous_11)","decl":{"start":{"line":78,"column":15},"end":{"line":78,"column":16}},"loc":{"start":{"line":78,"column":22},"end":{"line":78,"column":31}},"line":78},"12":{"name":"(anonymous_12)","decl":{"start":{"line":82,"column":32},"end":{"line":82,"column":33}},"loc":{"start":{"line":82,"column":52},"end":{"line":90,"column":1}},"line":82},"13":{"name":"(anonymous_13)","decl":{"start":{"line":86,"column":14},"end":{"line":86,"column":15}},"loc":{"start":{"line":86,"column":24},"end":{"line":88,"column":9}},"line":86},"14":{"name":"(anonymous_14)","decl":{"start":{"line":89,"column":15},"end":{"line":89,"column":16}},"loc":{"start":{"line":89,"column":22},"end":{"line":89,"column":31}},"line":89},"15":{"name":"(anonymous_15)","decl":{"start":{"line":93,"column":29},"end":{"line":93,"column":30}},"loc":{"start":{"line":93,"column":55},"end":{"line":115,"column":1}},"line":93},"16":{"name":"(anonymous_16)","decl":{"start":{"line":118,"column":28},"end":{"line":118,"column":29}},"loc":{"start":{"line":118,"column":48},"end":{"line":126,"column":1}},"line":118},"17":{"name":"(anonymous_17)","decl":{"start":{"line":122,"column":14},"end":{"line":122,"column":15}},"loc":{"start":{"line":122,"column":24},"end":{"line":124,"column":9}},"line":122},"18":{"name":"(anonymous_18)","decl":{"start":{"line":125,"column":15},"end":{"line":125,"column":16}},"loc":{"start":{"line":125,"column":22},"end":{"line":125,"column":31}},"line":125},"19":{"name":"(anonymous_19)","decl":{"start":{"line":129,"column":32},"end":{"line":129,"column":33}},"loc":{"start":{"line":129,"column":52},"end":{"line":137,"column":1}},"line":129},"20":{"name":"(anonymous_20)","decl":{"start":{"line":133,"column":14},"end":{"line":133,"column":15}},"loc":{"start":{"line":133,"column":24},"end":{"line":135,"column":9}},"line":133},"21":{"name":"(anonymous_21)","decl":{"start":{"line":136,"column":15},"end":{"line":136,"column":16}},"loc":{"start":{"line":136,"column":22},"end":{"line":136,"column":31}},"line":136},"22":{"name":"(anonymous_22)","decl":{"start":{"line":140,"column":34},"end":{"line":140,"column":35}},"loc":{"start":{"line":140,"column":54},"end":{"line":154,"column":1}},"line":140},"23":{"name":"(anonymous_23)","decl":{"start":{"line":150,"column":14},"end":{"line":150,"column":15}},"loc":{"start":{"line":150,"column":24},"end":{"line":152,"column":9}},"line":150},"24":{"name":"(anonymous_24)","decl":{"start":{"line":153,"column":15},"end":{"line":153,"column":16}},"loc":{"start":{"line":153,"column":22},"end":{"line":153,"column":31}},"line":153},"25":{"name":"(anonymous_25)","decl":{"start":{"line":156,"column":28},"end":{"line":156,"column":29}},"loc":{"start":{"line":156,"column":48},"end":{"line":168,"column":1}},"line":156},"26":{"name":"(anonymous_26)","decl":{"start":{"line":164,"column":14},"end":{"line":164,"column":15}},"loc":{"start":{"line":164,"column":24},"end":{"line":166,"column":9}},"line":164},"27":{"name":"(anonymous_27)","decl":{"start":{"line":167,"column":15},"end":{"line":167,"column":16}},"loc":{"start":{"line":167,"column":22},"end":{"line":167,"column":31}},"line":167}},"branchMap":{"0":{"loc":{"start":{"line":19,"column":12},"end":{"line":34,"column":13}},"type":"if","locations":[{"start":{"line":19,"column":12},"end":{"line":34,"column":13}},{"start":{"line":19,"column":12},"end":{"line":34,"column":13}}],"line":19},"1":{"loc":{"start":{"line":19,"column":16},"end":{"line":19,"column":120}},"type":"binary-expr","locations":[{"start":{"line":19,"column":17},"end":{"line":19,"column":49}},{"start":{"line":19,"column":53},"end":{"line":19,"column":89}},{"start":{"line":19,"column":94},"end":{"line":19,"column":120}}],"line":19},"2":{"loc":{"start":{"line":24,"column":20},"end":{"line":26,"column":21}},"type":"if","locations":[{"start":{"line":24,"column":20},"end":{"line":26,"column":21}},{"start":{"line":24,"column":20},"end":{"line":26,"column":21}}],"line":24},"3":{"loc":{"start":{"line":102,"column":12},"end":{"line":104,"column":13}},"type":"if","locations":[{"start":{"line":102,"column":12},"end":{"line":104,"column":13}},{"start":{"line":102,"column":12},"end":{"line":104,"column":13}}],"line":102},"4":{"loc":{"start":{"line":143,"column":4},"end":{"line":145,"column":5}},"type":"if","locations":[{"start":{"line":143,"column":4},"end":{"line":145,"column":5}},{"start":{"line":143,"column":4},"end":{"line":145,"column":5}}],"line":143},"5":{"loc":{"start":{"line":158,"column":4},"end":{"line":160,"column":5}},"type":"if","locations":[{"start":{"line":158,"column":4},"end":{"line":160,"column":5}},{"start":{"line":158,"column":4},"end":{"line":160,"column":5}}],"line":158}},"s":{"0":1,"1":1,"2":1,"3":1,"4":1,"5":1,"6":1,"7":1,"8":1,"9":1,"10":1,"11":0,"12":0,"13":0,"14":0,"15":0,"16":0,"17":0,"18":0,"19":0,"20":1,"21":1,"22":1,"23":0,"24":0,"25":1,"26":2,"27":2,"28":1,"29":1,"30":1,"31":2,"32":2,"33":1,"34":1,"35":1,"36":2,"37":2,"38":1,"39":1,"40":1,"41":2,"42":2,"43":1,"44":1,"45":1,"46":0,"47":0,"48":0,"49":0,"50":0,"51":0,"52":0,"53":0,"54":0,"55":0,"56":0,"57":0,"58":0,"59":1,"60":2,"61":2,"62":1,"63":1,"64":1,"65":0,"66":0,"67":0,"68":0,"69":1,"70":2,"71":2,"72":2,"73":2,"74":2,"75":1,"76":1,"77":1,"78":2,"79":2,"80":2,"81":2,"82":2,"83":1,"84":1,"85":1},"f":{"0":1,"1":1,"2":0,"3":2,"4":1,"5":1,"6":2,"7":1,"8":1,"9":2,"10":1,"11":1,"12":2,"13":1,"14":1,"15":0,"16":2,"17":1,"18":1,"19":0,"20":0,"21":0,"22":2,"23":1,"24":1,"25":2,"26":1,"27":1},"b":{"0":[0,1],"1":[1,0,1],"2":[0,0],"3":[0,0],"4":[2,0],"5":[2,0]},"_coverageSchema":"1a1c01bbd47fc00a2c39e90264f33305004495a9","hash":"c3bf20405923167ec424aed6b1ba4c44bdb7fbb0","contentHash":"2cdef9e93b8aa49c64f95ed7dc0596ef6aca12f128483d672427199844f111af"},"/home/ubuntu/csr-aws-git/csr/CSR_Express/routers/blockchain/utilsRouter.js":{"path":"/home/ubuntu/csr-aws-git/csr/CSR_Express/routers/blockchain/utilsRouter.js","statementMap":{"0":{"start":{"line":1,"column":0},"end":{"line":1,"column":27}},"1":{"start":{"line":2,"column":41},"end":{"line":2,"column":52}},"2":{"start":{"line":4,"column":16},"end":{"line":4,"column":34}},"3":{"start":{"line":5,"column":15},"end":{"line":5,"column":31}},"4":{"start":{"line":6,"column":21},"end":{"line":6,"column":36}},"5":{"start":{"line":7,"column":13},"end":{"line":7,"column":28}},"6":{"start":{"line":9,"column":15},"end":{"line":9,"column":46}},"7":{"start":{"line":10,"column":38},"end":{"line":10,"column":70}},"8":{"start":{"line":12,"column":15},"end":{"line":12,"column":49}},"9":{"start":{"line":15,"column":0},"end":{"line":30,"column":3}},"10":{"start":{"line":16,"column":4},"end":{"line":16,"column":96}},"11":{"start":{"line":18,"column":15},"end":{"line":18,"column":57}},"12":{"start":{"line":20,"column":4},"end":{"line":20,"column":32}},"13":{"start":{"line":21,"column":4},"end":{"line":21,"column":36}},"14":{"start":{"line":23,"column":4},"end":{"line":29,"column":5}},"15":{"start":{"line":24,"column":8},"end":{"line":24,"column":120}},"16":{"start":{"line":25,"column":8},"end":{"line":25,"column":99}},"17":{"start":{"line":28,"column":8},"end":{"line":28,"column":30}},"18":{"start":{"line":33,"column":0},"end":{"line":54,"column":3}},"19":{"start":{"line":34,"column":4},"end":{"line":34,"column":111}},"20":{"start":{"line":36,"column":24},"end":{"line":36,"column":55}},"21":{"start":{"line":38,"column":4},"end":{"line":40,"column":5}},"22":{"start":{"line":39,"column":8},"end":{"line":39,"column":60}},"23":{"start":{"line":42,"column":15},"end":{"line":42,"column":70}},"24":{"start":{"line":44,"column":4},"end":{"line":44,"column":32}},"25":{"start":{"line":45,"column":4},"end":{"line":45,"column":36}},"26":{"start":{"line":47,"column":4},"end":{"line":53,"column":5}},"27":{"start":{"line":48,"column":8},"end":{"line":48,"column":115}},"28":{"start":{"line":49,"column":8},"end":{"line":49,"column":94}},"29":{"start":{"line":52,"column":8},"end":{"line":52,"column":30}},"30":{"start":{"line":57,"column":0},"end":{"line":75,"column":3}},"31":{"start":{"line":58,"column":4},"end":{"line":58,"column":99}},"32":{"start":{"line":60,"column":26},"end":{"line":60,"column":48}},"33":{"start":{"line":61,"column":18},"end":{"line":61,"column":32}},"34":{"start":{"line":63,"column":15},"end":{"line":63,"column":37}},"35":{"start":{"line":65,"column":4},"end":{"line":65,"column":32}},"36":{"start":{"line":66,"column":4},"end":{"line":66,"column":36}},"37":{"start":{"line":68,"column":4},"end":{"line":74,"column":5}},"38":{"start":{"line":69,"column":8},"end":{"line":69,"column":105}},"39":{"start":{"line":70,"column":8},"end":{"line":70,"column":84}},"40":{"start":{"line":73,"column":8},"end":{"line":73,"column":30}},"41":{"start":{"line":78,"column":0},"end":{"line":99,"column":3}},"42":{"start":{"line":79,"column":4},"end":{"line":79,"column":92}},"43":{"start":{"line":81,"column":17},"end":{"line":81,"column":31}},"44":{"start":{"line":83,"column":4},"end":{"line":85,"column":5}},"45":{"start":{"line":83,"column":17},"end":{"line":83,"column":18}},"46":{"start":{"line":84,"column":8},"end":{"line":84,"column":44}},"47":{"start":{"line":87,"column":15},"end":{"line":87,"column":47}},"48":{"start":{"line":89,"column":4},"end":{"line":89,"column":32}},"49":{"start":{"line":90,"column":4},"end":{"line":90,"column":36}},"50":{"start":{"line":92,"column":4},"end":{"line":98,"column":5}},"51":{"start":{"line":93,"column":8},"end":{"line":93,"column":98}},"52":{"start":{"line":94,"column":8},"end":{"line":94,"column":77}},"53":{"start":{"line":97,"column":8},"end":{"line":97,"column":30}},"54":{"start":{"line":102,"column":4},"end":{"line":102,"column":92}},"55":{"start":{"line":104,"column":17},"end":{"line":104,"column":30}},"56":{"start":{"line":106,"column":4},"end":{"line":108,"column":5}},"57":{"start":{"line":106,"column":17},"end":{"line":106,"column":18}},"58":{"start":{"line":107,"column":8},"end":{"line":107,"column":44}},"59":{"start":{"line":110,"column":15},"end":{"line":110,"column":43}},"60":{"start":{"line":112,"column":4},"end":{"line":112,"column":32}},"61":{"start":{"line":113,"column":4},"end":{"line":113,"column":36}},"62":{"start":{"line":115,"column":4},"end":{"line":121,"column":5}},"63":{"start":{"line":116,"column":8},"end":{"line":116,"column":98}},"64":{"start":{"line":117,"column":8},"end":{"line":117,"column":77}},"65":{"start":{"line":120,"column":8},"end":{"line":120,"column":30}},"66":{"start":{"line":125,"column":0},"end":{"line":138,"column":3}},"67":{"start":{"line":126,"column":4},"end":{"line":126,"column":73}},"68":{"start":{"line":127,"column":13},"end":{"line":127,"column":61}},"69":{"start":{"line":128,"column":16},"end":{"line":128,"column":32}},"70":{"start":{"line":129,"column":15},"end":{"line":129,"column":57}},"71":{"start":{"line":131,"column":15},"end":{"line":131,"column":35}},"72":{"start":{"line":132,"column":4},"end":{"line":137,"column":5}},"73":{"start":{"line":133,"column":8},"end":{"line":133,"column":109}},"74":{"start":{"line":136,"column":8},"end":{"line":136,"column":40}},"75":{"start":{"line":140,"column":0},"end":{"line":140,"column":24}}},"fnMap":{"0":{"name":"(anonymous_0)","decl":{"start":{"line":15,"column":32},"end":{"line":15,"column":33}},"loc":{"start":{"line":15,"column":58},"end":{"line":30,"column":1}},"line":15},"1":{"name":"(anonymous_1)","decl":{"start":{"line":33,"column":33},"end":{"line":33,"column":34}},"loc":{"start":{"line":33,"column":59},"end":{"line":54,"column":1}},"line":33},"2":{"name":"(anonymous_2)","decl":{"start":{"line":57,"column":36},"end":{"line":57,"column":37}},"loc":{"start":{"line":57,"column":62},"end":{"line":75,"column":1}},"line":57},"3":{"name":"(anonymous_3)","decl":{"start":{"line":78,"column":24},"end":{"line":78,"column":25}},"loc":{"start":{"line":78,"column":50},"end":{"line":99,"column":1}},"line":78},"4":{"name":"saveITData","decl":{"start":{"line":101,"column":15},"end":{"line":101,"column":25}},"loc":{"start":{"line":101,"column":48},"end":{"line":122,"column":1}},"line":101},"5":{"name":"(anonymous_5)","decl":{"start":{"line":125,"column":29},"end":{"line":125,"column":30}},"loc":{"start":{"line":125,"column":55},"end":{"line":138,"column":1}},"line":125}},"branchMap":{"0":{"loc":{"start":{"line":38,"column":4},"end":{"line":40,"column":5}},"type":"if","locations":[{"start":{"line":38,"column":4},"end":{"line":40,"column":5}},{"start":{"line":38,"column":4},"end":{"line":40,"column":5}}],"line":38},"1":{"loc":{"start":{"line":132,"column":4},"end":{"line":137,"column":5}},"type":"if","locations":[{"start":{"line":132,"column":4},"end":{"line":137,"column":5}},{"start":{"line":132,"column":4},"end":{"line":137,"column":5}}],"line":132},"2":{"loc":{"start":{"line":132,"column":10},"end":{"line":132,"column":101}},"type":"binary-expr","locations":[{"start":{"line":132,"column":10},"end":{"line":132,"column":32}},{"start":{"line":132,"column":36},"end":{"line":132,"column":66}},{"start":{"line":132,"column":70},"end":{"line":132,"column":101}}],"line":132}},"s":{"0":1,"1":1,"2":1,"3":1,"4":1,"5":1,"6":1,"7":1,"8":1,"9":1,"10":0,"11":0,"12":0,"13":0,"14":0,"15":0,"16":0,"17":0,"18":1,"19":0,"20":0,"21":0,"22":0,"23":0,"24":0,"25":0,"26":0,"27":0,"28":0,"29":0,"30":1,"31":0,"32":0,"33":0,"34":0,"35":0,"36":0,"37":0,"38":0,"39":0,"40":0,"41":1,"42":0,"43":0,"44":0,"45":0,"46":0,"47":0,"48":0,"49":0,"50":0,"51":0,"52":0,"53":0,"54":0,"55":0,"56":0,"57":0,"58":0,"59":0,"60":0,"61":0,"62":0,"63":0,"64":0,"65":0,"66":1,"67":0,"68":0,"69":0,"70":0,"71":0,"72":0,"73":0,"74":0,"75":1},"f":{"0":0,"1":0,"2":0,"3":0,"4":0,"5":0},"b":{"0":[0,0],"1":[0,0],"2":[0,0,0]},"_coverageSchema":"1a1c01bbd47fc00a2c39e90264f33305004495a9","hash":"a8f055d5d357db4d7875f031dce90269b4335b7d","contentHash":"a6dd2b5fea07547ba088f2ecfee21dea7458a9ba5850b2a0d645b207b2336296"},"/home/ubuntu/csr-aws-git/csr/CSR_Express/utils/checkJwt.js":{"path":"/home/ubuntu/csr-aws-git/csr/CSR_Express/utils/checkJwt.js","statementMap":{"0":{"start":{"line":1,"column":12},"end":{"line":1,"column":34}},"1":{"start":{"line":2,"column":16},"end":{"line":2,"column":35}},"2":{"start":{"line":4,"column":15},"end":{"line":4,"column":32}},"3":{"start":{"line":5,"column":0},"end":{"line":5,"column":16}},"4":{"start":{"line":7,"column":17},"end":{"line":7,"column":43}},"5":{"start":{"line":8,"column":15},"end":{"line":8,"column":39}},"6":{"start":{"line":10,"column":17},"end":{"line":25,"column":2}},"7":{"start":{"line":22,"column":15},"end":{"line":22,"column":99}},"8":{"start":{"line":23,"column":4},"end":{"line":24,"column":27}},"9":{"start":{"line":27,"column":0},"end":{"line":27,"column":26}}},"fnMap":{"0":{"name":"(anonymous_0)","decl":{"start":{"line":21,"column":10},"end":{"line":21,"column":11}},"loc":{"start":{"line":21,"column":19},"end":{"line":25,"column":1}},"line":21}},"branchMap":{"0":{"loc":{"start":{"line":23,"column":11},"end":{"line":24,"column":27}},"type":"binary-expr","locations":[{"start":{"line":23,"column":11},"end":{"line":23,"column":41}},{"start":{"line":23,"column":45},"end":{"line":23,"column":69}},{"start":{"line":24,"column":7},"end":{"line":24,"column":27}}],"line":23}},"s":{"0":1,"1":1,"2":1,"3":1,"4":1,"5":1,"6":1,"7":57,"8":57,"9":1},"f":{"0":57},"b":{"0":[57,55,54]},"_coverageSchema":"1a1c01bbd47fc00a2c39e90264f33305004495a9","hash":"c0f665d4c5d3ecfc3bfe75181ebfd1b397d67df1","contentHash":"e10e7bbefc4fab30d2c05d2db68a3196307933ff6f9537607e587d95281a602f"}}